03/09/2018 08:43:57.952 ["Hubble Job Quartz Scheduler"_Worker-5] INFO  org.mongodb.driver.connection - Opened connection [connectionId{localValue:4, serverValue:10}] to localhost:27017 
03/09/2018 08:44:15.416 ["Hubble Job Quartz Scheduler"_Worker-2] INFO  h.b.p.c.f.TaskRunnerExecutionFactory - Ejecucion de sitescope. Resultado: FAILURE 
03/09/2018 08:44:15.445 ["Hubble Job Quartz Scheduler"_Worker-2] INFO  h.b.p.c.f.TaskRunnerExecutionFactory - Ejecucion de sitescope. Resultado: FAILURE 
03/09/2018 08:44:15.486 ["Hubble Job Quartz Scheduler"_Worker-2] INFO  h.b.p.c.f.TaskRunnerExecutionFactory - Ejecucion de sitescope. Resultado: FAILURE 
03/09/2018 08:44:17.567 ["Hubble Job Quartz Scheduler"_Worker-1] INFO  org.mongodb.driver.connection - Opened connection [connectionId{localValue:5, serverValue:11}] to localhost:27017 
03/09/2018 08:44:22.128 ["Hubble Job Quartz Scheduler"_Worker-4] INFO  h.b.p.c.f.TaskRunnerExecutionFactory - Ejecucion de bsm. Resultado: FAILURE 
03/09/2018 08:44:22.162 ["Hubble Job Quartz Scheduler"_Worker-4] INFO  h.b.p.c.f.TaskRunnerExecutionFactory - Ejecucion de bsm. Resultado: FAILURE 
03/09/2018 08:44:22.173 ["Hubble Job Quartz Scheduler"_Worker-4] INFO  h.b.p.c.f.TaskRunnerExecutionFactory - Ejecucion de bsm. Resultado: FAILURE 
03/09/2018 08:44:24.493 ["Hubble Job Quartz Scheduler"_Worker-3] WARN  h.b.t.jobs.alm.AlmDataParserJob - null 
03/09/2018 08:44:34.488 ["Hubble Job Quartz Scheduler"_Worker-5] INFO  h.b.p.c.f.TaskRunnerExecutionFactory - Ejecucion de jira. Resultado: SUCCESS 
03/09/2018 08:44:34.490 ["Hubble Job Quartz Scheduler"_Worker-5] INFO  h.b.p.c.f.TaskRunnerExecutionFactory - Ejecucion de jira. Resultado: SUCCESS 
03/09/2018 08:44:34.493 ["Hubble Job Quartz Scheduler"_Worker-5] INFO  h.b.p.c.f.TaskRunnerExecutionFactory - Ejecucion de jira. Resultado: SUCCESS 
03/09/2018 08:45:00.141 ["Hubble Job Quartz Scheduler"_Worker-2] INFO  h.b.p.c.f.TaskRunnerExecutionFactory - Ejecucion de sitescope. Resultado: FAILURE 
03/09/2018 08:45:00.142 ["Hubble Job Quartz Scheduler"_Worker-2] INFO  h.b.p.c.f.TaskRunnerExecutionFactory - Ejecucion de sitescope. Resultado: FAILURE 
03/09/2018 08:45:00.144 ["Hubble Job Quartz Scheduler"_Worker-2] INFO  h.b.p.c.f.TaskRunnerExecutionFactory - Ejecucion de sitescope. Resultado: FAILURE 
03/09/2018 08:45:20.771 ["Hubble Job Quartz Scheduler"_Worker-1] WARN  h.b.p.p.i.ppm.PpmDataParserImpl - Ppm field for applications and ids map not correctly configured in properties file for specified app name:  
03/09/2018 08:45:20.774 ["Hubble Job Quartz Scheduler"_Worker-1] WARN  h.b.p.p.i.ppm.PpmDataParserImpl - Ppm field for applications and ids map not correctly configured in properties file for specified app name:  
03/09/2018 08:45:20.778 ["Hubble Job Quartz Scheduler"_Worker-1] WARN  h.b.p.p.i.ppm.PpmDataParserImpl - Ppm field for applications and ids map not correctly configured in properties file for specified app name:  
03/09/2018 08:45:20.782 ["Hubble Job Quartz Scheduler"_Worker-1] WARN  h.b.p.p.i.ppm.PpmDataParserImpl - Ppm field for applications and ids map not correctly configured in properties file for specified app name:  
03/09/2018 08:45:20.785 ["Hubble Job Quartz Scheduler"_Worker-1] WARN  h.b.p.p.i.ppm.PpmDataParserImpl - Ppm field for applications and ids map not correctly configured in properties file for specified app name:  
03/09/2018 08:45:20.789 ["Hubble Job Quartz Scheduler"_Worker-1] WARN  h.b.p.p.i.ppm.PpmDataParserImpl - Ppm field for applications and ids map not correctly configured in properties file for specified app name:  
03/09/2018 08:45:20.794 ["Hubble Job Quartz Scheduler"_Worker-1] WARN  h.b.p.p.i.ppm.PpmDataParserImpl - Ppm field for applications and ids map not correctly configured in properties file for specified app name:  
03/09/2018 08:45:20.796 ["Hubble Job Quartz Scheduler"_Worker-1] WARN  h.b.p.p.i.ppm.PpmDataParserImpl - Ppm field for applications and ids map not correctly configured in properties file for specified app name:  
03/09/2018 08:45:20.799 ["Hubble Job Quartz Scheduler"_Worker-1] WARN  h.b.p.p.i.ppm.PpmDataParserImpl - Ppm field for applications and ids map not correctly configured in properties file for specified app name:  
03/09/2018 08:45:20.803 ["Hubble Job Quartz Scheduler"_Worker-1] WARN  h.b.p.p.i.ppm.PpmDataParserImpl - Ppm field for applications and ids map not correctly configured in properties file for specified app name:  
03/09/2018 08:45:20.807 ["Hubble Job Quartz Scheduler"_Worker-1] WARN  h.b.p.p.i.ppm.PpmDataParserImpl - Ppm field for applications and ids map not correctly configured in properties file for specified app name:  
03/09/2018 08:45:20.809 ["Hubble Job Quartz Scheduler"_Worker-1] WARN  h.b.p.p.i.ppm.PpmDataParserImpl - Ppm field for applications and ids map not correctly configured in properties file for specified app name:  
03/09/2018 08:45:20.812 ["Hubble Job Quartz Scheduler"_Worker-1] WARN  h.b.p.p.i.ppm.PpmDataParserImpl - Ppm field for applications and ids map not correctly configured in properties file for specified app name:  
03/09/2018 08:45:20.814 ["Hubble Job Quartz Scheduler"_Worker-1] WARN  h.b.p.p.i.ppm.PpmDataParserImpl - Ppm field for applications and ids map not correctly configured in properties file for specified app name:  
03/09/2018 08:45:20.816 ["Hubble Job Quartz Scheduler"_Worker-1] WARN  h.b.p.p.i.ppm.PpmDataParserImpl - Ppm field for applications and ids map not correctly configured in properties file for specified app name:  
03/09/2018 08:45:20.819 ["Hubble Job Quartz Scheduler"_Worker-1] WARN  h.b.p.p.i.ppm.PpmDataParserImpl - Ppm field for applications and ids map not correctly configured in properties file for specified app name:  
03/09/2018 08:45:20.821 ["Hubble Job Quartz Scheduler"_Worker-1] WARN  h.b.p.p.i.ppm.PpmDataParserImpl - Ppm field for applications and ids map not correctly configured in properties file for specified app name:  
03/09/2018 08:45:20.824 ["Hubble Job Quartz Scheduler"_Worker-1] WARN  h.b.p.p.i.ppm.PpmDataParserImpl - Ppm field for applications and ids map not correctly configured in properties file for specified app name:  
03/09/2018 08:45:20.826 ["Hubble Job Quartz Scheduler"_Worker-1] WARN  h.b.p.p.i.ppm.PpmDataParserImpl - Ppm field for applications and ids map not correctly configured in properties file for specified app name:  
03/09/2018 08:45:20.829 ["Hubble Job Quartz Scheduler"_Worker-1] WARN  h.b.p.p.i.ppm.PpmDataParserImpl - Ppm field for applications and ids map not correctly configured in properties file for specified app name:  
03/09/2018 08:45:20.831 ["Hubble Job Quartz Scheduler"_Worker-1] WARN  h.b.p.p.i.ppm.PpmDataParserImpl - Ppm field for applications and ids map not correctly configured in properties file for specified app name:  
03/09/2018 08:45:20.833 ["Hubble Job Quartz Scheduler"_Worker-1] WARN  h.b.p.p.i.ppm.PpmDataParserImpl - Ppm field for applications and ids map not correctly configured in properties file for specified app name:  
03/09/2018 08:45:21.267 ["Hubble Job Quartz Scheduler"_Worker-1] WARN  h.b.p.p.i.ppm.PpmDataParserImpl - Ppm field for applications and ids map not correctly configured in properties file for specified app name: Banca Móvil 
03/09/2018 08:45:21.294 ["Hubble Job Quartz Scheduler"_Worker-1] INFO  h.b.p.c.f.TaskRunnerExecutionFactory - Ejecucion de ppm. Resultado: SUCCESS 
03/09/2018 08:45:21.295 ["Hubble Job Quartz Scheduler"_Worker-1] INFO  h.b.p.c.f.TaskRunnerExecutionFactory - Ejecucion de ppm. Resultado: SUCCESS 
03/09/2018 08:45:21.296 ["Hubble Job Quartz Scheduler"_Worker-1] INFO  h.b.p.c.f.TaskRunnerExecutionFactory - Ejecucion de ppm. Resultado: SUCCESS 
03/09/2018 08:50:26.623 ["Hubble Job Quartz Scheduler"_Worker-4] ERROR h.b.p.t.i.s.SiteScopeTransportImpl - org.apache.http.conn.ConnectTimeoutException: Connect to 10.10.20.248:8080 [/10.10.20.248] failed: connect timed out 
03/09/2018 08:50:26.630 ["Hubble Job Quartz Scheduler"_Worker-4] INFO  h.b.p.c.f.TaskRunnerExecutionFactory - Ejecucion de sitescope. Resultado: FAILURE 
03/09/2018 08:50:26.633 ["Hubble Job Quartz Scheduler"_Worker-4] INFO  h.b.p.c.f.TaskRunnerExecutionFactory - Ejecucion de sitescope. Resultado: FAILURE 
03/09/2018 08:50:26.635 ["Hubble Job Quartz Scheduler"_Worker-4] INFO  h.b.p.c.f.TaskRunnerExecutionFactory - Ejecucion de sitescope. Resultado: FAILURE 
03/09/2018 09:46:52.693 [main] INFO  h.b.t.a.TasksRunnerApplication - Starting TasksRunnerApplication v1.0-SNAPSHOT on AR-NB-234 with PID 2980 (C:\Users\andre.vigneaux\repositories\Tsoft-Analytics-Bridge\hubble.backend.tasksrunner\target\hubble.backend.tasksrunner-1.0-SNAPSHOT.jar started by andre.vigneaux in C:\Users\andre.vigneaux\repositories\Tsoft-Analytics-Bridge\hubble.backend.tasksrunner\target) 
03/09/2018 09:46:52.698 [main] INFO  h.b.t.a.TasksRunnerApplication - The following profiles are active: test 
03/09/2018 09:46:52.784 [main] INFO  o.s.b.c.e.AnnotationConfigEmbeddedWebApplicationContext - Refreshing org.springframework.boot.context.embedded.AnnotationConfigEmbeddedWebApplicationContext@411ea397: startup date [Mon Sep 03 09:46:52 ART 2018]; root of context hierarchy 
03/09/2018 09:46:53.495 [background-preinit] INFO  o.h.validator.internal.util.Version - HV000001: Hibernate Validator 5.3.5.Final 
03/09/2018 09:46:58.274 [main] INFO  o.s.b.c.e.t.TomcatEmbeddedServletContainer - Tomcat initialized with port(s): 8090 (http) 
03/09/2018 09:46:58.314 [main] INFO  o.a.catalina.core.StandardService - Starting service [Tomcat] 
03/09/2018 09:46:58.326 [main] INFO  o.a.catalina.core.StandardEngine - Starting Servlet Engine: Apache Tomcat/8.5.16 
03/09/2018 09:46:58.675 [localhost-startStop-1] INFO  o.a.c.c.C.[Tomcat].[localhost].[/] - Initializing Spring embedded WebApplicationContext 
03/09/2018 09:46:58.702 [localhost-startStop-1] INFO  o.s.web.context.ContextLoader - Root WebApplicationContext: initialization completed in 5918 ms 
03/09/2018 09:46:59.643 [localhost-startStop-1] INFO  o.s.b.w.s.ServletRegistrationBean - Mapping servlet: 'dispatcherServlet' to [/] 
03/09/2018 09:46:59.665 [localhost-startStop-1] INFO  o.s.b.w.s.FilterRegistrationBean - Mapping filter: 'characterEncodingFilter' to: [/*] 
03/09/2018 09:46:59.669 [localhost-startStop-1] INFO  o.s.b.w.s.FilterRegistrationBean - Mapping filter: 'hiddenHttpMethodFilter' to: [/*] 
03/09/2018 09:46:59.672 [localhost-startStop-1] INFO  o.s.b.w.s.FilterRegistrationBean - Mapping filter: 'httpPutFormContentFilter' to: [/*] 
03/09/2018 09:46:59.675 [localhost-startStop-1] INFO  o.s.b.w.s.FilterRegistrationBean - Mapping filter: 'requestContextFilter' to: [/*] 
03/09/2018 09:47:01.361 [main] INFO  org.mongodb.driver.cluster - Cluster created with settings {hosts=[localhost:27017], mode=SINGLE, requiredClusterType=UNKNOWN, serverSelectionTimeout='30000 ms', maxWaitQueueSize=50} 
03/09/2018 09:47:01.492 [cluster-ClusterId{value='5b8d2d451b59120ba49c0738', description='null'}-localhost:27017] INFO  org.mongodb.driver.connection - Opened connection [connectionId{localValue:1, serverValue:8}] to localhost:27017 
03/09/2018 09:47:01.504 [cluster-ClusterId{value='5b8d2d451b59120ba49c0738', description='null'}-localhost:27017] INFO  org.mongodb.driver.cluster - Monitor thread successfully connected to server with description ServerDescription{address=localhost:27017, type=STANDALONE, state=CONNECTED, ok=true, version=ServerVersion{versionList=[3, 6, 4]}, minWireVersion=0, maxWireVersion=6, maxDocumentSize=16777216, logicalSessionTimeoutMinutes=null, roundTripTimeNanos=5612500} 
03/09/2018 09:47:03.679 [main] INFO  org.mongodb.driver.connection - Opened connection [connectionId{localValue:2, serverValue:9}] to localhost:27017 
03/09/2018 09:47:04.560 [main] INFO  o.s.w.s.m.m.a.RequestMappingHandlerAdapter - Looking for @ControllerAdvice: org.springframework.boot.context.embedded.AnnotationConfigEmbeddedWebApplicationContext@411ea397: startup date [Mon Sep 03 09:46:52 ART 2018]; root of context hierarchy 
03/09/2018 09:47:04.737 [main] INFO  o.s.w.s.m.m.a.RequestMappingHandlerMapping - Mapped "{[/execute]}" onto public void hubble.backend.tasksrunner.communication.controllers.ExecutionController.execute(java.lang.String) 
03/09/2018 09:47:04.741 [main] INFO  o.s.w.s.m.m.a.RequestMappingHandlerMapping - Mapped "{[/reschedule]}" onto public void hubble.backend.tasksrunner.communication.controllers.RescheduleController.reschedule(java.lang.String) 
03/09/2018 09:47:04.744 [main] INFO  o.s.w.s.m.m.a.RequestMappingHandlerMapping - Mapped "{[/providers/alm/test]}" onto public org.springframework.http.ResponseEntity<java.lang.Void> hubble.backend.tasksrunner.communication.controllers.TestConnectionController.testALMConnection(org.json.JSONObject) 
03/09/2018 09:47:04.750 [main] INFO  o.s.w.s.m.m.a.RequestMappingHandlerMapping - Mapped "{[/error]}" onto public org.springframework.http.ResponseEntity<java.util.Map<java.lang.String, java.lang.Object>> org.springframework.boot.autoconfigure.web.BasicErrorController.error(javax.servlet.http.HttpServletRequest) 
03/09/2018 09:47:04.757 [main] INFO  o.s.w.s.m.m.a.RequestMappingHandlerMapping - Mapped "{[/error],produces=[text/html]}" onto public org.springframework.web.servlet.ModelAndView org.springframework.boot.autoconfigure.web.BasicErrorController.errorHtml(javax.servlet.http.HttpServletRequest,javax.servlet.http.HttpServletResponse) 
03/09/2018 09:47:04.897 [main] INFO  o.s.w.s.h.SimpleUrlHandlerMapping - Mapped URL path [/webjars/**] onto handler of type [class org.springframework.web.servlet.resource.ResourceHttpRequestHandler] 
03/09/2018 09:47:04.899 [main] INFO  o.s.w.s.h.SimpleUrlHandlerMapping - Mapped URL path [/**] onto handler of type [class org.springframework.web.servlet.resource.ResourceHttpRequestHandler] 
03/09/2018 09:47:05.073 [main] INFO  o.s.w.s.h.SimpleUrlHandlerMapping - Mapped URL path [/**/favicon.ico] onto handler of type [class org.springframework.web.servlet.resource.ResourceHttpRequestHandler] 
03/09/2018 09:47:05.537 [main] INFO  o.s.j.e.a.AnnotationMBeanExporter - Registering beans for JMX exposure on startup 
03/09/2018 09:47:05.578 [main] INFO  o.a.coyote.http11.Http11NioProtocol - Initializing ProtocolHandler ["http-nio-8090"] 
03/09/2018 09:47:05.618 [main] INFO  o.a.coyote.http11.Http11NioProtocol - Starting ProtocolHandler ["http-nio-8090"] 
03/09/2018 09:47:05.646 [main] INFO  o.a.tomcat.util.net.NioSelectorPool - Using a shared selector for servlet write/read 
03/09/2018 09:47:05.706 [main] INFO  o.s.b.c.e.t.TomcatEmbeddedServletContainer - Tomcat started on port(s): 8090 (http) 
03/09/2018 09:47:05.716 [main] INFO  h.b.t.a.TasksRunnerApplication - Started TasksRunnerApplication in 13.588 seconds (JVM running for 15.148) 
03/09/2018 09:47:05.781 [main] INFO  org.quartz.impl.StdSchedulerFactory - Using default implementation for ThreadExecutor 
03/09/2018 09:47:05.872 [main] INFO  o.quartz.core.SchedulerSignalerImpl - Initialized Scheduler Signaller of type: class org.quartz.core.SchedulerSignalerImpl 
03/09/2018 09:47:05.878 [main] INFO  org.quartz.core.QuartzScheduler - Quartz Scheduler v.2.2.1 created. 
03/09/2018 09:47:05.883 [main] INFO  org.quartz.simpl.RAMJobStore - RAMJobStore initialized. 
03/09/2018 09:47:05.886 [main] INFO  org.quartz.core.QuartzScheduler - Scheduler meta-data: Quartz Scheduler (v2.2.1) '"Hubble Job Quartz Scheduler"' with instanceId 'NON_CLUSTERED'
  Scheduler class: 'org.quartz.core.QuartzScheduler' - running locally.
  NOT STARTED.
  Currently in standby mode.
  Number of jobs executed: 0
  Using thread pool 'org.quartz.simpl.SimpleThreadPool' - with 5 threads.
  Using job-store 'org.quartz.simpl.RAMJobStore' - which does not support persistence. and is not clustered.
 
03/09/2018 09:47:05.888 [main] INFO  org.quartz.impl.StdSchedulerFactory - Quartz scheduler '"Hubble Job Quartz Scheduler"' initialized from default resource file in Quartz package: 'quartz.properties' 
03/09/2018 09:47:05.890 [main] INFO  org.quartz.impl.StdSchedulerFactory - Quartz scheduler version: 2.2.1 
03/09/2018 09:47:06.320 [main] INFO  org.quartz.core.QuartzScheduler - Scheduler "Hubble Job Quartz Scheduler"_$_NON_CLUSTERED started. 
03/09/2018 09:50:01.423 ["Hubble Job Quartz Scheduler"_Worker-1] INFO  h.b.p.c.f.TaskRunnerExecutionFactory - Ejecucion de sitescope. Resultado: SUCCESS 
03/09/2018 09:50:01.435 ["Hubble Job Quartz Scheduler"_Worker-1] INFO  h.b.p.c.f.TaskRunnerExecutionFactory - Ejecucion de sitescope. Resultado: SUCCESS 
03/09/2018 09:50:01.439 ["Hubble Job Quartz Scheduler"_Worker-1] INFO  h.b.p.c.f.TaskRunnerExecutionFactory - Ejecucion de sitescope. Resultado: SUCCESS 
03/09/2018 09:55:00.350 ["Hubble Job Quartz Scheduler"_Worker-2] INFO  h.b.p.c.f.TaskRunnerExecutionFactory - Ejecucion de sitescope. Resultado: SUCCESS 
03/09/2018 09:55:00.358 ["Hubble Job Quartz Scheduler"_Worker-2] INFO  h.b.p.c.f.TaskRunnerExecutionFactory - Ejecucion de sitescope. Resultado: SUCCESS 
03/09/2018 09:55:00.394 ["Hubble Job Quartz Scheduler"_Worker-2] INFO  h.b.p.c.f.TaskRunnerExecutionFactory - Ejecucion de sitescope. Resultado: SUCCESS 
03/09/2018 10:00:00.053 ["Hubble Job Quartz Scheduler"_Worker-3] INFO  org.mongodb.driver.connection - Opened connection [connectionId{localValue:3, serverValue:13}] to localhost:27017 
03/09/2018 10:00:00.236 ["Hubble Job Quartz Scheduler"_Worker-4] INFO  h.b.p.c.f.TaskRunnerExecutionFactory - Ejecucion de sitescope. Resultado: SUCCESS 
03/09/2018 10:00:00.239 ["Hubble Job Quartz Scheduler"_Worker-4] INFO  h.b.p.c.f.TaskRunnerExecutionFactory - Ejecucion de sitescope. Resultado: SUCCESS 
03/09/2018 10:00:00.244 ["Hubble Job Quartz Scheduler"_Worker-4] INFO  h.b.p.c.f.TaskRunnerExecutionFactory - Ejecucion de sitescope. Resultado: SUCCESS 
03/09/2018 10:00:01.812 ["Hubble Job Quartz Scheduler"_Worker-3] INFO  h.b.p.c.f.TaskRunnerExecutionFactory - Ejecucion de bsm. Resultado: SUCCESS 
03/09/2018 10:00:01.815 ["Hubble Job Quartz Scheduler"_Worker-3] INFO  h.b.p.c.f.TaskRunnerExecutionFactory - Ejecucion de bsm. Resultado: SUCCESS 
03/09/2018 10:00:01.818 ["Hubble Job Quartz Scheduler"_Worker-3] INFO  h.b.p.c.f.TaskRunnerExecutionFactory - Ejecucion de bsm. Resultado: SUCCESS 
03/09/2018 10:00:53.942 [Thread-4] INFO  o.s.b.c.e.AnnotationConfigEmbeddedWebApplicationContext - Closing org.springframework.boot.context.embedded.AnnotationConfigEmbeddedWebApplicationContext@411ea397: startup date [Mon Sep 03 09:46:52 ART 2018]; root of context hierarchy 
03/09/2018 10:00:53.948 [Thread-4] INFO  o.s.j.e.a.AnnotationMBeanExporter - Unregistering JMX-exposed beans on shutdown 
03/09/2018 10:00:53.962 [Thread-4] INFO  org.mongodb.driver.connection - Closed connection [connectionId{localValue:2, serverValue:9}] to localhost:27017 because the pool has been closed. 
03/09/2018 10:00:53.965 [Thread-4] INFO  org.mongodb.driver.connection - Closed connection [connectionId{localValue:3, serverValue:13}] to localhost:27017 because the pool has been closed. 
03/09/2018 10:22:50.809 [main] INFO  h.b.t.a.TasksRunnerApplication - Starting TasksRunnerApplication v1.0-SNAPSHOT on AR-NB-234 with PID 10912 (C:\Users\andre.vigneaux\repositories\Tsoft-Analytics-Bridge\hubble.backend.tasksrunner\target\hubble.backend.tasksrunner-1.0-SNAPSHOT.jar started by andre.vigneaux in C:\Users\andre.vigneaux\repositories\Tsoft-Analytics-Bridge\hubble.backend.tasksrunner\target) 
03/09/2018 10:22:50.813 [main] INFO  h.b.t.a.TasksRunnerApplication - The following profiles are active: test 
03/09/2018 10:22:50.879 [main] INFO  o.s.b.c.e.AnnotationConfigEmbeddedWebApplicationContext - Refreshing org.springframework.boot.context.embedded.AnnotationConfigEmbeddedWebApplicationContext@411ea397: startup date [Mon Sep 03 10:22:50 ART 2018]; root of context hierarchy 
03/09/2018 10:22:51.499 [background-preinit] INFO  o.h.validator.internal.util.Version - HV000001: Hibernate Validator 5.3.5.Final 
03/09/2018 10:22:55.008 [main] INFO  o.s.b.c.e.t.TomcatEmbeddedServletContainer - Tomcat initialized with port(s): 8090 (http) 
03/09/2018 10:22:55.036 [main] INFO  o.a.catalina.core.StandardService - Starting service [Tomcat] 
03/09/2018 10:22:55.040 [main] INFO  o.a.catalina.core.StandardEngine - Starting Servlet Engine: Apache Tomcat/8.5.16 
03/09/2018 10:22:55.236 [localhost-startStop-1] INFO  o.a.c.c.C.[Tomcat].[localhost].[/] - Initializing Spring embedded WebApplicationContext 
03/09/2018 10:22:55.238 [localhost-startStop-1] INFO  o.s.web.context.ContextLoader - Root WebApplicationContext: initialization completed in 4360 ms 
03/09/2018 10:22:55.685 [localhost-startStop-1] INFO  o.s.b.w.s.ServletRegistrationBean - Mapping servlet: 'dispatcherServlet' to [/] 
03/09/2018 10:22:55.698 [localhost-startStop-1] INFO  o.s.b.w.s.FilterRegistrationBean - Mapping filter: 'characterEncodingFilter' to: [/*] 
03/09/2018 10:22:55.699 [localhost-startStop-1] INFO  o.s.b.w.s.FilterRegistrationBean - Mapping filter: 'hiddenHttpMethodFilter' to: [/*] 
03/09/2018 10:22:55.702 [localhost-startStop-1] INFO  o.s.b.w.s.FilterRegistrationBean - Mapping filter: 'httpPutFormContentFilter' to: [/*] 
03/09/2018 10:22:55.703 [localhost-startStop-1] INFO  o.s.b.w.s.FilterRegistrationBean - Mapping filter: 'requestContextFilter' to: [/*] 
03/09/2018 10:22:57.218 [main] INFO  org.mongodb.driver.cluster - Cluster created with settings {hosts=[localhost:27017], mode=SINGLE, requiredClusterType=UNKNOWN, serverSelectionTimeout='30000 ms', maxWaitQueueSize=50} 
03/09/2018 10:22:57.329 [cluster-ClusterId{value='5b8d35b11b59122aa05daeed', description='null'}-localhost:27017] INFO  org.mongodb.driver.connection - Opened connection [connectionId{localValue:1, serverValue:14}] to localhost:27017 
03/09/2018 10:22:57.338 [cluster-ClusterId{value='5b8d35b11b59122aa05daeed', description='null'}-localhost:27017] INFO  org.mongodb.driver.cluster - Monitor thread successfully connected to server with description ServerDescription{address=localhost:27017, type=STANDALONE, state=CONNECTED, ok=true, version=ServerVersion{versionList=[3, 6, 4]}, minWireVersion=0, maxWireVersion=6, maxDocumentSize=16777216, logicalSessionTimeoutMinutes=null, roundTripTimeNanos=4824100} 
03/09/2018 10:22:59.436 [main] INFO  org.mongodb.driver.connection - Opened connection [connectionId{localValue:2, serverValue:15}] to localhost:27017 
03/09/2018 10:23:00.280 [main] INFO  o.s.w.s.m.m.a.RequestMappingHandlerAdapter - Looking for @ControllerAdvice: org.springframework.boot.context.embedded.AnnotationConfigEmbeddedWebApplicationContext@411ea397: startup date [Mon Sep 03 10:22:50 ART 2018]; root of context hierarchy 
03/09/2018 10:23:00.468 [main] INFO  o.s.w.s.m.m.a.RequestMappingHandlerMapping - Mapped "{[/execute]}" onto public void hubble.backend.tasksrunner.communication.controllers.ExecutionController.execute(java.lang.String) 
03/09/2018 10:23:00.472 [main] INFO  o.s.w.s.m.m.a.RequestMappingHandlerMapping - Mapped "{[/reschedule]}" onto public void hubble.backend.tasksrunner.communication.controllers.RescheduleController.reschedule(java.lang.String) 
03/09/2018 10:23:00.476 [main] INFO  o.s.w.s.m.m.a.RequestMappingHandlerMapping - Mapped "{[/providers/alm/test],methods=[POST]}" onto public org.springframework.http.ResponseEntity<java.lang.Void> hubble.backend.tasksrunner.communication.controllers.TestConnectionController.testALMConnection(org.json.JSONObject) 
03/09/2018 10:23:00.482 [main] INFO  o.s.w.s.m.m.a.RequestMappingHandlerMapping - Mapped "{[/error]}" onto public org.springframework.http.ResponseEntity<java.util.Map<java.lang.String, java.lang.Object>> org.springframework.boot.autoconfigure.web.BasicErrorController.error(javax.servlet.http.HttpServletRequest) 
03/09/2018 10:23:00.484 [main] INFO  o.s.w.s.m.m.a.RequestMappingHandlerMapping - Mapped "{[/error],produces=[text/html]}" onto public org.springframework.web.servlet.ModelAndView org.springframework.boot.autoconfigure.web.BasicErrorController.errorHtml(javax.servlet.http.HttpServletRequest,javax.servlet.http.HttpServletResponse) 
03/09/2018 10:23:00.597 [main] INFO  o.s.w.s.h.SimpleUrlHandlerMapping - Mapped URL path [/webjars/**] onto handler of type [class org.springframework.web.servlet.resource.ResourceHttpRequestHandler] 
03/09/2018 10:23:00.599 [main] INFO  o.s.w.s.h.SimpleUrlHandlerMapping - Mapped URL path [/**] onto handler of type [class org.springframework.web.servlet.resource.ResourceHttpRequestHandler] 
03/09/2018 10:23:00.755 [main] INFO  o.s.w.s.h.SimpleUrlHandlerMapping - Mapped URL path [/**/favicon.ico] onto handler of type [class org.springframework.web.servlet.resource.ResourceHttpRequestHandler] 
03/09/2018 10:23:01.156 [main] INFO  o.s.j.e.a.AnnotationMBeanExporter - Registering beans for JMX exposure on startup 
03/09/2018 10:23:01.183 [main] INFO  o.a.coyote.http11.Http11NioProtocol - Initializing ProtocolHandler ["http-nio-8090"] 
03/09/2018 10:23:01.220 [main] INFO  o.a.coyote.http11.Http11NioProtocol - Starting ProtocolHandler ["http-nio-8090"] 
03/09/2018 10:23:01.238 [main] INFO  o.a.tomcat.util.net.NioSelectorPool - Using a shared selector for servlet write/read 
03/09/2018 10:23:01.275 [main] INFO  o.s.b.c.e.t.TomcatEmbeddedServletContainer - Tomcat started on port(s): 8090 (http) 
03/09/2018 10:23:01.284 [main] INFO  h.b.t.a.TasksRunnerApplication - Started TasksRunnerApplication in 11.041 seconds (JVM running for 12.425) 
03/09/2018 10:23:01.342 [main] INFO  org.quartz.impl.StdSchedulerFactory - Using default implementation for ThreadExecutor 
03/09/2018 10:23:01.374 [main] INFO  o.quartz.core.SchedulerSignalerImpl - Initialized Scheduler Signaller of type: class org.quartz.core.SchedulerSignalerImpl 
03/09/2018 10:23:01.376 [main] INFO  org.quartz.core.QuartzScheduler - Quartz Scheduler v.2.2.1 created. 
03/09/2018 10:23:01.379 [main] INFO  org.quartz.simpl.RAMJobStore - RAMJobStore initialized. 
03/09/2018 10:23:01.381 [main] INFO  org.quartz.core.QuartzScheduler - Scheduler meta-data: Quartz Scheduler (v2.2.1) '"Hubble Job Quartz Scheduler"' with instanceId 'NON_CLUSTERED'
  Scheduler class: 'org.quartz.core.QuartzScheduler' - running locally.
  NOT STARTED.
  Currently in standby mode.
  Number of jobs executed: 0
  Using thread pool 'org.quartz.simpl.SimpleThreadPool' - with 5 threads.
  Using job-store 'org.quartz.simpl.RAMJobStore' - which does not support persistence. and is not clustered.
 
03/09/2018 10:23:01.382 [main] INFO  org.quartz.impl.StdSchedulerFactory - Quartz scheduler '"Hubble Job Quartz Scheduler"' initialized from default resource file in Quartz package: 'quartz.properties' 
03/09/2018 10:23:01.383 [main] INFO  org.quartz.impl.StdSchedulerFactory - Quartz scheduler version: 2.2.1 
03/09/2018 10:23:01.759 [main] INFO  org.quartz.core.QuartzScheduler - Scheduler "Hubble Job Quartz Scheduler"_$_NON_CLUSTERED started. 
03/09/2018 10:25:00.909 ["Hubble Job Quartz Scheduler"_Worker-1] INFO  h.b.p.c.f.TaskRunnerExecutionFactory - Ejecucion de sitescope. Resultado: SUCCESS 
03/09/2018 10:25:00.924 ["Hubble Job Quartz Scheduler"_Worker-1] INFO  h.b.p.c.f.TaskRunnerExecutionFactory - Ejecucion de sitescope. Resultado: SUCCESS 
03/09/2018 10:25:00.926 ["Hubble Job Quartz Scheduler"_Worker-1] INFO  h.b.p.c.f.TaskRunnerExecutionFactory - Ejecucion de sitescope. Resultado: SUCCESS 
03/09/2018 10:30:00.266 ["Hubble Job Quartz Scheduler"_Worker-2] INFO  h.b.p.c.f.TaskRunnerExecutionFactory - Ejecucion de sitescope. Resultado: SUCCESS 
03/09/2018 10:30:00.271 ["Hubble Job Quartz Scheduler"_Worker-2] INFO  h.b.p.c.f.TaskRunnerExecutionFactory - Ejecucion de sitescope. Resultado: SUCCESS 
03/09/2018 10:30:00.275 ["Hubble Job Quartz Scheduler"_Worker-2] INFO  h.b.p.c.f.TaskRunnerExecutionFactory - Ejecucion de sitescope. Resultado: SUCCESS 
03/09/2018 10:35:00.221 ["Hubble Job Quartz Scheduler"_Worker-3] INFO  h.b.p.c.f.TaskRunnerExecutionFactory - Ejecucion de sitescope. Resultado: SUCCESS 
03/09/2018 10:35:00.224 ["Hubble Job Quartz Scheduler"_Worker-3] INFO  h.b.p.c.f.TaskRunnerExecutionFactory - Ejecucion de sitescope. Resultado: SUCCESS 
03/09/2018 10:35:00.226 ["Hubble Job Quartz Scheduler"_Worker-3] INFO  h.b.p.c.f.TaskRunnerExecutionFactory - Ejecucion de sitescope. Resultado: SUCCESS 
03/09/2018 10:40:00.693 ["Hubble Job Quartz Scheduler"_Worker-4] INFO  h.b.p.c.f.TaskRunnerExecutionFactory - Ejecucion de sitescope. Resultado: SUCCESS 
03/09/2018 10:40:00.700 ["Hubble Job Quartz Scheduler"_Worker-4] INFO  h.b.p.c.f.TaskRunnerExecutionFactory - Ejecucion de sitescope. Resultado: SUCCESS 
03/09/2018 10:40:00.752 ["Hubble Job Quartz Scheduler"_Worker-4] INFO  h.b.p.c.f.TaskRunnerExecutionFactory - Ejecucion de sitescope. Resultado: SUCCESS 
03/09/2018 10:45:00.221 ["Hubble Job Quartz Scheduler"_Worker-5] INFO  h.b.p.c.f.TaskRunnerExecutionFactory - Ejecucion de sitescope. Resultado: SUCCESS 
03/09/2018 10:45:00.226 ["Hubble Job Quartz Scheduler"_Worker-5] INFO  h.b.p.c.f.TaskRunnerExecutionFactory - Ejecucion de sitescope. Resultado: SUCCESS 
03/09/2018 10:45:00.227 ["Hubble Job Quartz Scheduler"_Worker-5] INFO  h.b.p.c.f.TaskRunnerExecutionFactory - Ejecucion de sitescope. Resultado: SUCCESS 
03/09/2018 10:50:00.281 ["Hubble Job Quartz Scheduler"_Worker-1] INFO  h.b.p.c.f.TaskRunnerExecutionFactory - Ejecucion de sitescope. Resultado: SUCCESS 
03/09/2018 10:50:00.284 ["Hubble Job Quartz Scheduler"_Worker-1] INFO  h.b.p.c.f.TaskRunnerExecutionFactory - Ejecucion de sitescope. Resultado: SUCCESS 
03/09/2018 10:50:00.289 ["Hubble Job Quartz Scheduler"_Worker-1] INFO  h.b.p.c.f.TaskRunnerExecutionFactory - Ejecucion de sitescope. Resultado: SUCCESS 
03/09/2018 10:54:45.209 [http-nio-8090-exec-1] INFO  o.a.c.c.C.[Tomcat].[localhost].[/] - Initializing Spring FrameworkServlet 'dispatcherServlet' 
03/09/2018 10:54:45.248 [http-nio-8090-exec-1] INFO  o.s.web.servlet.DispatcherServlet - FrameworkServlet 'dispatcherServlet': initialization started 
03/09/2018 10:54:45.352 [http-nio-8090-exec-1] INFO  o.s.web.servlet.DispatcherServlet - FrameworkServlet 'dispatcherServlet': initialization completed in 63 ms 
03/09/2018 10:55:00.187 ["Hubble Job Quartz Scheduler"_Worker-2] INFO  h.b.p.c.f.TaskRunnerExecutionFactory - Ejecucion de sitescope. Resultado: SUCCESS 
03/09/2018 10:55:00.190 ["Hubble Job Quartz Scheduler"_Worker-2] INFO  h.b.p.c.f.TaskRunnerExecutionFactory - Ejecucion de sitescope. Resultado: SUCCESS 
03/09/2018 10:55:00.193 ["Hubble Job Quartz Scheduler"_Worker-2] INFO  h.b.p.c.f.TaskRunnerExecutionFactory - Ejecucion de sitescope. Resultado: SUCCESS 
03/09/2018 10:57:56.986 [Thread-4] INFO  o.s.b.c.e.AnnotationConfigEmbeddedWebApplicationContext - Closing org.springframework.boot.context.embedded.AnnotationConfigEmbeddedWebApplicationContext@411ea397: startup date [Mon Sep 03 10:22:50 ART 2018]; root of context hierarchy 
03/09/2018 10:57:56.997 [Thread-4] INFO  o.s.j.e.a.AnnotationMBeanExporter - Unregistering JMX-exposed beans on shutdown 
03/09/2018 10:57:57.008 [Thread-4] INFO  org.mongodb.driver.connection - Closed connection [connectionId{localValue:2, serverValue:15}] to localhost:27017 because the pool has been closed. 
03/09/2018 10:59:40.585 [main] INFO  h.b.t.a.TasksRunnerApplication - Starting TasksRunnerApplication v1.0-SNAPSHOT on AR-NB-234 with PID 10944 (C:\Users\andre.vigneaux\repositories\Tsoft-Analytics-Bridge\hubble.backend.tasksrunner\target\hubble.backend.tasksrunner-1.0-SNAPSHOT.jar started by andre.vigneaux in C:\Users\andre.vigneaux\repositories\Tsoft-Analytics-Bridge\hubble.backend.tasksrunner\target) 
03/09/2018 10:59:40.590 [main] INFO  h.b.t.a.TasksRunnerApplication - The following profiles are active: test 
03/09/2018 10:59:40.658 [main] INFO  o.s.b.c.e.AnnotationConfigEmbeddedWebApplicationContext - Refreshing org.springframework.boot.context.embedded.AnnotationConfigEmbeddedWebApplicationContext@29e7e377: startup date [Mon Sep 03 10:59:40 ART 2018]; root of context hierarchy 
03/09/2018 10:59:41.255 [background-preinit] INFO  o.h.validator.internal.util.Version - HV000001: Hibernate Validator 5.3.5.Final 
03/09/2018 10:59:44.522 [main] INFO  o.s.b.c.e.t.TomcatEmbeddedServletContainer - Tomcat initialized with port(s): 8090 (http) 
03/09/2018 10:59:44.551 [main] INFO  o.a.catalina.core.StandardService - Starting service [Tomcat] 
03/09/2018 10:59:44.556 [main] INFO  o.a.catalina.core.StandardEngine - Starting Servlet Engine: Apache Tomcat/8.5.16 
03/09/2018 10:59:44.729 [localhost-startStop-1] INFO  o.a.c.c.C.[Tomcat].[localhost].[/] - Initializing Spring embedded WebApplicationContext 
03/09/2018 10:59:44.730 [localhost-startStop-1] INFO  o.s.web.context.ContextLoader - Root WebApplicationContext: initialization completed in 4072 ms 
03/09/2018 10:59:45.266 [localhost-startStop-1] INFO  o.s.b.w.s.ServletRegistrationBean - Mapping servlet: 'dispatcherServlet' to [/] 
03/09/2018 10:59:45.282 [localhost-startStop-1] INFO  o.s.b.w.s.FilterRegistrationBean - Mapping filter: 'characterEncodingFilter' to: [/*] 
03/09/2018 10:59:45.283 [localhost-startStop-1] INFO  o.s.b.w.s.FilterRegistrationBean - Mapping filter: 'hiddenHttpMethodFilter' to: [/*] 
03/09/2018 10:59:45.288 [localhost-startStop-1] INFO  o.s.b.w.s.FilterRegistrationBean - Mapping filter: 'httpPutFormContentFilter' to: [/*] 
03/09/2018 10:59:45.288 [localhost-startStop-1] INFO  o.s.b.w.s.FilterRegistrationBean - Mapping filter: 'requestContextFilter' to: [/*] 
03/09/2018 10:59:46.695 [main] INFO  org.mongodb.driver.cluster - Cluster created with settings {hosts=[localhost:27017], mode=SINGLE, requiredClusterType=UNKNOWN, serverSelectionTimeout='30000 ms', maxWaitQueueSize=50} 
03/09/2018 10:59:46.811 [cluster-ClusterId{value='5b8d3e521b59122ac0883079', description='null'}-localhost:27017] INFO  org.mongodb.driver.connection - Opened connection [connectionId{localValue:1, serverValue:16}] to localhost:27017 
03/09/2018 10:59:46.818 [cluster-ClusterId{value='5b8d3e521b59122ac0883079', description='null'}-localhost:27017] INFO  org.mongodb.driver.cluster - Monitor thread successfully connected to server with description ServerDescription{address=localhost:27017, type=STANDALONE, state=CONNECTED, ok=true, version=ServerVersion{versionList=[3, 6, 4]}, minWireVersion=0, maxWireVersion=6, maxDocumentSize=16777216, logicalSessionTimeoutMinutes=null, roundTripTimeNanos=3545200} 
03/09/2018 10:59:48.427 [main] INFO  org.mongodb.driver.connection - Opened connection [connectionId{localValue:2, serverValue:17}] to localhost:27017 
03/09/2018 10:59:49.101 [main] INFO  o.s.w.s.m.m.a.RequestMappingHandlerAdapter - Looking for @ControllerAdvice: org.springframework.boot.context.embedded.AnnotationConfigEmbeddedWebApplicationContext@29e7e377: startup date [Mon Sep 03 10:59:40 ART 2018]; root of context hierarchy 
03/09/2018 10:59:49.275 [main] INFO  o.s.w.s.m.m.a.RequestMappingHandlerMapping - Mapped "{[/execute]}" onto public void hubble.backend.tasksrunner.communication.controllers.ExecutionController.execute(java.lang.String) 
03/09/2018 10:59:49.279 [main] INFO  o.s.w.s.m.m.a.RequestMappingHandlerMapping - Mapped "{[/reschedule]}" onto public void hubble.backend.tasksrunner.communication.controllers.RescheduleController.reschedule(java.lang.String) 
03/09/2018 10:59:49.281 [main] INFO  o.s.w.s.m.m.a.RequestMappingHandlerMapping - Mapped "{[/providers/alm/test],methods=[POST]}" onto public org.springframework.http.ResponseEntity<java.lang.Void> hubble.backend.tasksrunner.communication.controllers.TestConnectionController.testALMConnection(org.json.JSONObject) 
03/09/2018 10:59:49.290 [main] INFO  o.s.w.s.m.m.a.RequestMappingHandlerMapping - Mapped "{[/error]}" onto public org.springframework.http.ResponseEntity<java.util.Map<java.lang.String, java.lang.Object>> org.springframework.boot.autoconfigure.web.BasicErrorController.error(javax.servlet.http.HttpServletRequest) 
03/09/2018 10:59:49.293 [main] INFO  o.s.w.s.m.m.a.RequestMappingHandlerMapping - Mapped "{[/error],produces=[text/html]}" onto public org.springframework.web.servlet.ModelAndView org.springframework.boot.autoconfigure.web.BasicErrorController.errorHtml(javax.servlet.http.HttpServletRequest,javax.servlet.http.HttpServletResponse) 
03/09/2018 10:59:49.401 [main] INFO  o.s.w.s.h.SimpleUrlHandlerMapping - Mapped URL path [/webjars/**] onto handler of type [class org.springframework.web.servlet.resource.ResourceHttpRequestHandler] 
03/09/2018 10:59:49.404 [main] INFO  o.s.w.s.h.SimpleUrlHandlerMapping - Mapped URL path [/**] onto handler of type [class org.springframework.web.servlet.resource.ResourceHttpRequestHandler] 
03/09/2018 10:59:49.551 [main] INFO  o.s.w.s.h.SimpleUrlHandlerMapping - Mapped URL path [/**/favicon.ico] onto handler of type [class org.springframework.web.servlet.resource.ResourceHttpRequestHandler] 
03/09/2018 10:59:49.944 [main] INFO  o.s.j.e.a.AnnotationMBeanExporter - Registering beans for JMX exposure on startup 
03/09/2018 10:59:49.973 [main] INFO  o.a.coyote.http11.Http11NioProtocol - Initializing ProtocolHandler ["http-nio-8090"] 
03/09/2018 10:59:50.012 [main] INFO  o.a.coyote.http11.Http11NioProtocol - Starting ProtocolHandler ["http-nio-8090"] 
03/09/2018 10:59:50.037 [main] INFO  o.a.tomcat.util.net.NioSelectorPool - Using a shared selector for servlet write/read 
03/09/2018 10:59:50.088 [main] INFO  o.s.b.c.e.t.TomcatEmbeddedServletContainer - Tomcat started on port(s): 8090 (http) 
03/09/2018 10:59:50.098 [main] INFO  h.b.t.a.TasksRunnerApplication - Started TasksRunnerApplication in 10.024 seconds (JVM running for 11.381) 
03/09/2018 10:59:50.146 [main] INFO  org.quartz.impl.StdSchedulerFactory - Using default implementation for ThreadExecutor 
03/09/2018 10:59:50.180 [main] INFO  o.quartz.core.SchedulerSignalerImpl - Initialized Scheduler Signaller of type: class org.quartz.core.SchedulerSignalerImpl 
03/09/2018 10:59:50.183 [main] INFO  org.quartz.core.QuartzScheduler - Quartz Scheduler v.2.2.1 created. 
03/09/2018 10:59:50.186 [main] INFO  org.quartz.simpl.RAMJobStore - RAMJobStore initialized. 
03/09/2018 10:59:50.188 [main] INFO  org.quartz.core.QuartzScheduler - Scheduler meta-data: Quartz Scheduler (v2.2.1) '"Hubble Job Quartz Scheduler"' with instanceId 'NON_CLUSTERED'
  Scheduler class: 'org.quartz.core.QuartzScheduler' - running locally.
  NOT STARTED.
  Currently in standby mode.
  Number of jobs executed: 0
  Using thread pool 'org.quartz.simpl.SimpleThreadPool' - with 5 threads.
  Using job-store 'org.quartz.simpl.RAMJobStore' - which does not support persistence. and is not clustered.
 
03/09/2018 10:59:50.189 [main] INFO  org.quartz.impl.StdSchedulerFactory - Quartz scheduler '"Hubble Job Quartz Scheduler"' initialized from default resource file in Quartz package: 'quartz.properties' 
03/09/2018 10:59:50.192 [main] INFO  org.quartz.impl.StdSchedulerFactory - Quartz scheduler version: 2.2.1 
03/09/2018 10:59:50.542 [main] INFO  org.quartz.core.QuartzScheduler - Scheduler "Hubble Job Quartz Scheduler"_$_NON_CLUSTERED started. 
03/09/2018 11:00:00.833 ["Hubble Job Quartz Scheduler"_Worker-2] INFO  org.mongodb.driver.connection - Opened connection [connectionId{localValue:3, serverValue:18}] to localhost:27017 
03/09/2018 11:00:01.234 ["Hubble Job Quartz Scheduler"_Worker-2] INFO  h.b.p.c.f.TaskRunnerExecutionFactory - Ejecucion de sitescope. Resultado: SUCCESS 
03/09/2018 11:00:01.244 ["Hubble Job Quartz Scheduler"_Worker-2] INFO  h.b.p.c.f.TaskRunnerExecutionFactory - Ejecucion de sitescope. Resultado: SUCCESS 
03/09/2018 11:00:01.250 ["Hubble Job Quartz Scheduler"_Worker-2] INFO  h.b.p.c.f.TaskRunnerExecutionFactory - Ejecucion de sitescope. Resultado: SUCCESS 
03/09/2018 11:00:02.144 ["Hubble Job Quartz Scheduler"_Worker-1] INFO  h.b.p.c.f.TaskRunnerExecutionFactory - Ejecucion de bsm. Resultado: SUCCESS 
03/09/2018 11:00:02.158 ["Hubble Job Quartz Scheduler"_Worker-1] INFO  h.b.p.c.f.TaskRunnerExecutionFactory - Ejecucion de bsm. Resultado: SUCCESS 
03/09/2018 11:00:02.161 ["Hubble Job Quartz Scheduler"_Worker-1] INFO  h.b.p.c.f.TaskRunnerExecutionFactory - Ejecucion de bsm. Resultado: SUCCESS 
03/09/2018 11:00:17.547 [http-nio-8090-exec-2] INFO  o.a.c.c.C.[Tomcat].[localhost].[/] - Initializing Spring FrameworkServlet 'dispatcherServlet' 
03/09/2018 11:00:17.548 [http-nio-8090-exec-2] INFO  o.s.web.servlet.DispatcherServlet - FrameworkServlet 'dispatcherServlet': initialization started 
03/09/2018 11:00:17.607 [http-nio-8090-exec-2] INFO  o.s.web.servlet.DispatcherServlet - FrameworkServlet 'dispatcherServlet': initialization completed in 57 ms 
03/09/2018 11:00:17.801 [http-nio-8090-exec-2] ERROR o.a.c.c.C.[.[.[.[dispatcherServlet] - Servlet.service() for servlet [dispatcherServlet] in context with path [] threw exception [Request processing failed; nested exception is org.json.JSONException: JSONObject["host"] not found.] with root cause 
org.json.JSONException: JSONObject["host"] not found.
	at org.json.JSONObject.get(JSONObject.java:473)
	at hubble.backend.tasksrunner.communication.controllers.TestConnectionController.testALMConnection(TestConnectionController.java:19)
	at sun.reflect.NativeMethodAccessorImpl.invoke0(Native Method)
	at sun.reflect.NativeMethodAccessorImpl.invoke(NativeMethodAccessorImpl.java:62)
	at sun.reflect.DelegatingMethodAccessorImpl.invoke(DelegatingMethodAccessorImpl.java:43)
	at java.lang.reflect.Method.invoke(Method.java:498)
	at org.springframework.web.method.support.InvocableHandlerMethod.doInvoke(InvocableHandlerMethod.java:205)
	at org.springframework.web.method.support.InvocableHandlerMethod.invokeForRequest(InvocableHandlerMethod.java:133)
	at org.springframework.web.servlet.mvc.method.annotation.ServletInvocableHandlerMethod.invokeAndHandle(ServletInvocableHandlerMethod.java:97)
	at org.springframework.web.servlet.mvc.method.annotation.RequestMappingHandlerAdapter.invokeHandlerMethod(RequestMappingHandlerAdapter.java:827)
	at org.springframework.web.servlet.mvc.method.annotation.RequestMappingHandlerAdapter.handleInternal(RequestMappingHandlerAdapter.java:738)
	at org.springframework.web.servlet.mvc.method.AbstractHandlerMethodAdapter.handle(AbstractHandlerMethodAdapter.java:85)
	at org.springframework.web.servlet.DispatcherServlet.doDispatch(DispatcherServlet.java:967)
	at org.springframework.web.servlet.DispatcherServlet.doService(DispatcherServlet.java:901)
	at org.springframework.web.servlet.FrameworkServlet.processRequest(FrameworkServlet.java:970)
	at org.springframework.web.servlet.FrameworkServlet.doPost(FrameworkServlet.java:872)
	at javax.servlet.http.HttpServlet.service(HttpServlet.java:661)
	at org.springframework.web.servlet.FrameworkServlet.service(FrameworkServlet.java:846)
	at javax.servlet.http.HttpServlet.service(HttpServlet.java:742)
	at org.apache.catalina.core.ApplicationFilterChain.internalDoFilter(ApplicationFilterChain.java:231)
	at org.apache.catalina.core.ApplicationFilterChain.doFilter(ApplicationFilterChain.java:166)
	at org.apache.tomcat.websocket.server.WsFilter.doFilter(WsFilter.java:52)
	at org.apache.catalina.core.ApplicationFilterChain.internalDoFilter(ApplicationFilterChain.java:193)
	at org.apache.catalina.core.ApplicationFilterChain.doFilter(ApplicationFilterChain.java:166)
	at org.springframework.web.filter.RequestContextFilter.doFilterInternal(RequestContextFilter.java:99)
	at org.springframework.web.filter.OncePerRequestFilter.doFilter(OncePerRequestFilter.java:107)
	at org.apache.catalina.core.ApplicationFilterChain.internalDoFilter(ApplicationFilterChain.java:193)
	at org.apache.catalina.core.ApplicationFilterChain.doFilter(ApplicationFilterChain.java:166)
	at org.springframework.web.filter.HttpPutFormContentFilter.doFilterInternal(HttpPutFormContentFilter.java:105)
	at org.springframework.web.filter.OncePerRequestFilter.doFilter(OncePerRequestFilter.java:107)
	at org.apache.catalina.core.ApplicationFilterChain.internalDoFilter(ApplicationFilterChain.java:193)
	at org.apache.catalina.core.ApplicationFilterChain.doFilter(ApplicationFilterChain.java:166)
	at org.springframework.web.filter.HiddenHttpMethodFilter.doFilterInternal(HiddenHttpMethodFilter.java:81)
	at org.springframework.web.filter.OncePerRequestFilter.doFilter(OncePerRequestFilter.java:107)
	at org.apache.catalina.core.ApplicationFilterChain.internalDoFilter(ApplicationFilterChain.java:193)
	at org.apache.catalina.core.ApplicationFilterChain.doFilter(ApplicationFilterChain.java:166)
	at org.springframework.web.filter.CharacterEncodingFilter.doFilterInternal(CharacterEncodingFilter.java:197)
	at org.springframework.web.filter.OncePerRequestFilter.doFilter(OncePerRequestFilter.java:107)
	at org.apache.catalina.core.ApplicationFilterChain.internalDoFilter(ApplicationFilterChain.java:193)
	at org.apache.catalina.core.ApplicationFilterChain.doFilter(ApplicationFilterChain.java:166)
	at org.apache.catalina.core.StandardWrapperValve.invoke(StandardWrapperValve.java:198)
	at org.apache.catalina.core.StandardContextValve.invoke(StandardContextValve.java:96)
	at org.apache.catalina.authenticator.AuthenticatorBase.invoke(AuthenticatorBase.java:478)
	at org.apache.catalina.core.StandardHostValve.invoke(StandardHostValve.java:140)
	at org.apache.catalina.valves.ErrorReportValve.invoke(ErrorReportValve.java:80)
	at org.apache.catalina.core.StandardEngineValve.invoke(StandardEngineValve.java:87)
	at org.apache.catalina.connector.CoyoteAdapter.service(CoyoteAdapter.java:342)
	at org.apache.coyote.http11.Http11Processor.service(Http11Processor.java:799)
	at org.apache.coyote.AbstractProcessorLight.process(AbstractProcessorLight.java:66)
	at org.apache.coyote.AbstractProtocol$ConnectionHandler.process(AbstractProtocol.java:868)
	at org.apache.tomcat.util.net.NioEndpoint$SocketProcessor.doRun(NioEndpoint.java:1455)
	at org.apache.tomcat.util.net.SocketProcessorBase.run(SocketProcessorBase.java:49)
	at java.util.concurrent.ThreadPoolExecutor.runWorker(ThreadPoolExecutor.java:1149)
	at java.util.concurrent.ThreadPoolExecutor$Worker.run(ThreadPoolExecutor.java:624)
	at org.apache.tomcat.util.threads.TaskThread$WrappingRunnable.run(TaskThread.java:61)
	at java.lang.Thread.run(Thread.java:748)
03/09/2018 11:03:30.959 [http-nio-8090-exec-3] ERROR o.a.c.c.C.[.[.[.[dispatcherServlet] - Servlet.service() for servlet [dispatcherServlet] in context with path [] threw exception [Request processing failed; nested exception is org.json.JSONException: JSONObject["host"] not found.] with root cause 
org.json.JSONException: JSONObject["host"] not found.
	at org.json.JSONObject.get(JSONObject.java:473)
	at hubble.backend.tasksrunner.communication.controllers.TestConnectionController.testALMConnection(TestConnectionController.java:19)
	at sun.reflect.NativeMethodAccessorImpl.invoke0(Native Method)
	at sun.reflect.NativeMethodAccessorImpl.invoke(NativeMethodAccessorImpl.java:62)
	at sun.reflect.DelegatingMethodAccessorImpl.invoke(DelegatingMethodAccessorImpl.java:43)
	at java.lang.reflect.Method.invoke(Method.java:498)
	at org.springframework.web.method.support.InvocableHandlerMethod.doInvoke(InvocableHandlerMethod.java:205)
	at org.springframework.web.method.support.InvocableHandlerMethod.invokeForRequest(InvocableHandlerMethod.java:133)
	at org.springframework.web.servlet.mvc.method.annotation.ServletInvocableHandlerMethod.invokeAndHandle(ServletInvocableHandlerMethod.java:97)
	at org.springframework.web.servlet.mvc.method.annotation.RequestMappingHandlerAdapter.invokeHandlerMethod(RequestMappingHandlerAdapter.java:827)
	at org.springframework.web.servlet.mvc.method.annotation.RequestMappingHandlerAdapter.handleInternal(RequestMappingHandlerAdapter.java:738)
	at org.springframework.web.servlet.mvc.method.AbstractHandlerMethodAdapter.handle(AbstractHandlerMethodAdapter.java:85)
	at org.springframework.web.servlet.DispatcherServlet.doDispatch(DispatcherServlet.java:967)
	at org.springframework.web.servlet.DispatcherServlet.doService(DispatcherServlet.java:901)
	at org.springframework.web.servlet.FrameworkServlet.processRequest(FrameworkServlet.java:970)
	at org.springframework.web.servlet.FrameworkServlet.doPost(FrameworkServlet.java:872)
	at javax.servlet.http.HttpServlet.service(HttpServlet.java:661)
	at org.springframework.web.servlet.FrameworkServlet.service(FrameworkServlet.java:846)
	at javax.servlet.http.HttpServlet.service(HttpServlet.java:742)
	at org.apache.catalina.core.ApplicationFilterChain.internalDoFilter(ApplicationFilterChain.java:231)
	at org.apache.catalina.core.ApplicationFilterChain.doFilter(ApplicationFilterChain.java:166)
	at org.apache.tomcat.websocket.server.WsFilter.doFilter(WsFilter.java:52)
	at org.apache.catalina.core.ApplicationFilterChain.internalDoFilter(ApplicationFilterChain.java:193)
	at org.apache.catalina.core.ApplicationFilterChain.doFilter(ApplicationFilterChain.java:166)
	at org.springframework.web.filter.RequestContextFilter.doFilterInternal(RequestContextFilter.java:99)
	at org.springframework.web.filter.OncePerRequestFilter.doFilter(OncePerRequestFilter.java:107)
	at org.apache.catalina.core.ApplicationFilterChain.internalDoFilter(ApplicationFilterChain.java:193)
	at org.apache.catalina.core.ApplicationFilterChain.doFilter(ApplicationFilterChain.java:166)
	at org.springframework.web.filter.HttpPutFormContentFilter.doFilterInternal(HttpPutFormContentFilter.java:105)
	at org.springframework.web.filter.OncePerRequestFilter.doFilter(OncePerRequestFilter.java:107)
	at org.apache.catalina.core.ApplicationFilterChain.internalDoFilter(ApplicationFilterChain.java:193)
	at org.apache.catalina.core.ApplicationFilterChain.doFilter(ApplicationFilterChain.java:166)
	at org.springframework.web.filter.HiddenHttpMethodFilter.doFilterInternal(HiddenHttpMethodFilter.java:81)
	at org.springframework.web.filter.OncePerRequestFilter.doFilter(OncePerRequestFilter.java:107)
	at org.apache.catalina.core.ApplicationFilterChain.internalDoFilter(ApplicationFilterChain.java:193)
	at org.apache.catalina.core.ApplicationFilterChain.doFilter(ApplicationFilterChain.java:166)
	at org.springframework.web.filter.CharacterEncodingFilter.doFilterInternal(CharacterEncodingFilter.java:197)
	at org.springframework.web.filter.OncePerRequestFilter.doFilter(OncePerRequestFilter.java:107)
	at org.apache.catalina.core.ApplicationFilterChain.internalDoFilter(ApplicationFilterChain.java:193)
	at org.apache.catalina.core.ApplicationFilterChain.doFilter(ApplicationFilterChain.java:166)
	at org.apache.catalina.core.StandardWrapperValve.invoke(StandardWrapperValve.java:198)
	at org.apache.catalina.core.StandardContextValve.invoke(StandardContextValve.java:96)
	at org.apache.catalina.authenticator.AuthenticatorBase.invoke(AuthenticatorBase.java:478)
	at org.apache.catalina.core.StandardHostValve.invoke(StandardHostValve.java:140)
	at org.apache.catalina.valves.ErrorReportValve.invoke(ErrorReportValve.java:80)
	at org.apache.catalina.core.StandardEngineValve.invoke(StandardEngineValve.java:87)
	at org.apache.catalina.connector.CoyoteAdapter.service(CoyoteAdapter.java:342)
	at org.apache.coyote.http11.Http11Processor.service(Http11Processor.java:799)
	at org.apache.coyote.AbstractProcessorLight.process(AbstractProcessorLight.java:66)
	at org.apache.coyote.AbstractProtocol$ConnectionHandler.process(AbstractProtocol.java:868)
	at org.apache.tomcat.util.net.NioEndpoint$SocketProcessor.doRun(NioEndpoint.java:1455)
	at org.apache.tomcat.util.net.SocketProcessorBase.run(SocketProcessorBase.java:49)
	at java.util.concurrent.ThreadPoolExecutor.runWorker(ThreadPoolExecutor.java:1149)
	at java.util.concurrent.ThreadPoolExecutor$Worker.run(ThreadPoolExecutor.java:624)
	at org.apache.tomcat.util.threads.TaskThread$WrappingRunnable.run(TaskThread.java:61)
	at java.lang.Thread.run(Thread.java:748)
03/09/2018 11:05:00.202 ["Hubble Job Quartz Scheduler"_Worker-3] INFO  h.b.p.c.f.TaskRunnerExecutionFactory - Ejecucion de sitescope. Resultado: SUCCESS 
03/09/2018 11:05:00.206 ["Hubble Job Quartz Scheduler"_Worker-3] INFO  h.b.p.c.f.TaskRunnerExecutionFactory - Ejecucion de sitescope. Resultado: SUCCESS 
03/09/2018 11:05:00.216 ["Hubble Job Quartz Scheduler"_Worker-3] INFO  h.b.p.c.f.TaskRunnerExecutionFactory - Ejecucion de sitescope. Resultado: SUCCESS 
03/09/2018 11:06:05.742 [Thread-4] INFO  o.s.b.c.e.AnnotationConfigEmbeddedWebApplicationContext - Closing org.springframework.boot.context.embedded.AnnotationConfigEmbeddedWebApplicationContext@29e7e377: startup date [Mon Sep 03 10:59:40 ART 2018]; root of context hierarchy 
03/09/2018 11:06:05.746 [Thread-4] INFO  o.s.j.e.a.AnnotationMBeanExporter - Unregistering JMX-exposed beans on shutdown 
03/09/2018 11:06:05.762 [Thread-4] INFO  org.mongodb.driver.connection - Closed connection [connectionId{localValue:2, serverValue:17}] to localhost:27017 because the pool has been closed. 
03/09/2018 11:06:05.763 [Thread-4] INFO  org.mongodb.driver.connection - Closed connection [connectionId{localValue:3, serverValue:18}] to localhost:27017 because the pool has been closed. 
