28/08/2018 10:37:43.338 [main] INFO  h.b.t.a.TasksRunnerApplication - Starting TasksRunnerApplication v1.0-SNAPSHOT on AR-NB-234 with PID 13960 (C:\Users\andre.vigneaux\repositories\Tsoft-Analytics-Bridge\hubble.backend.tasksrunner\target\hubble.backend.tasksrunner-1.0-SNAPSHOT.jar started by andre.vigneaux in C:\Users\andre.vigneaux\repositories\Tsoft-Analytics-Bridge\hubble.backend.tasksrunner\target) 
28/08/2018 10:37:43.398 [main] INFO  h.b.t.a.TasksRunnerApplication - The following profiles are active: test 
28/08/2018 10:37:52.393 [main] INFO  h.b.t.a.TasksRunnerApplication - Started TasksRunnerApplication in 9.515 seconds (JVM running for 10.639) 
28/08/2018 10:40:02.554 ["Hubble Job Quartz Scheduler"_Worker-1] INFO  h.b.p.c.f.TaskRunnerExecutionFactory - Ejecucion de sitescope. Resultado: SUCCESS 
28/08/2018 10:40:02.564 ["Hubble Job Quartz Scheduler"_Worker-1] INFO  h.b.p.c.f.TaskRunnerExecutionFactory - Ejecucion de sitescope. Resultado: SUCCESS 
28/08/2018 10:40:02.569 ["Hubble Job Quartz Scheduler"_Worker-1] INFO  h.b.p.c.f.TaskRunnerExecutionFactory - Ejecucion de sitescope. Resultado: SUCCESS 
28/08/2018 10:45:00.592 ["Hubble Job Quartz Scheduler"_Worker-2] INFO  h.b.p.c.f.TaskRunnerExecutionFactory - Ejecucion de sitescope. Resultado: SUCCESS 
28/08/2018 10:45:00.597 ["Hubble Job Quartz Scheduler"_Worker-2] INFO  h.b.p.c.f.TaskRunnerExecutionFactory - Ejecucion de sitescope. Resultado: SUCCESS 
28/08/2018 10:45:00.602 ["Hubble Job Quartz Scheduler"_Worker-2] INFO  h.b.p.c.f.TaskRunnerExecutionFactory - Ejecucion de sitescope. Resultado: SUCCESS 
28/08/2018 10:50:00.357 ["Hubble Job Quartz Scheduler"_Worker-3] INFO  h.b.p.c.f.TaskRunnerExecutionFactory - Ejecucion de sitescope. Resultado: SUCCESS 
28/08/2018 10:50:00.455 ["Hubble Job Quartz Scheduler"_Worker-3] INFO  h.b.p.c.f.TaskRunnerExecutionFactory - Ejecucion de sitescope. Resultado: SUCCESS 
28/08/2018 10:50:00.628 ["Hubble Job Quartz Scheduler"_Worker-3] INFO  h.b.p.c.f.TaskRunnerExecutionFactory - Ejecucion de sitescope. Resultado: SUCCESS 
28/08/2018 10:55:00.464 ["Hubble Job Quartz Scheduler"_Worker-4] INFO  h.b.p.c.f.TaskRunnerExecutionFactory - Ejecucion de sitescope. Resultado: SUCCESS 
28/08/2018 10:55:00.485 ["Hubble Job Quartz Scheduler"_Worker-4] INFO  h.b.p.c.f.TaskRunnerExecutionFactory - Ejecucion de sitescope. Resultado: SUCCESS 
28/08/2018 10:55:00.489 ["Hubble Job Quartz Scheduler"_Worker-4] INFO  h.b.p.c.f.TaskRunnerExecutionFactory - Ejecucion de sitescope. Resultado: SUCCESS 
28/08/2018 11:00:00.411 ["Hubble Job Quartz Scheduler"_Worker-1] INFO  h.b.p.c.f.TaskRunnerExecutionFactory - Ejecucion de sitescope. Resultado: SUCCESS 
28/08/2018 11:00:00.415 ["Hubble Job Quartz Scheduler"_Worker-1] INFO  h.b.p.c.f.TaskRunnerExecutionFactory - Ejecucion de sitescope. Resultado: SUCCESS 
28/08/2018 11:00:00.421 ["Hubble Job Quartz Scheduler"_Worker-1] INFO  h.b.p.c.f.TaskRunnerExecutionFactory - Ejecucion de sitescope. Resultado: SUCCESS 
28/08/2018 11:00:03.699 ["Hubble Job Quartz Scheduler"_Worker-5] ERROR h.b.t.jobs.bsm.BsmDataParserJob - null 
28/08/2018 11:05:00.352 ["Hubble Job Quartz Scheduler"_Worker-2] INFO  h.b.p.c.f.TaskRunnerExecutionFactory - Ejecucion de sitescope. Resultado: SUCCESS 
28/08/2018 11:05:00.353 ["Hubble Job Quartz Scheduler"_Worker-2] INFO  h.b.p.c.f.TaskRunnerExecutionFactory - Ejecucion de sitescope. Resultado: SUCCESS 
28/08/2018 11:05:00.355 ["Hubble Job Quartz Scheduler"_Worker-2] INFO  h.b.p.c.f.TaskRunnerExecutionFactory - Ejecucion de sitescope. Resultado: SUCCESS 
28/08/2018 11:10:00.893 ["Hubble Job Quartz Scheduler"_Worker-3] INFO  h.b.p.c.f.TaskRunnerExecutionFactory - Ejecucion de sitescope. Resultado: SUCCESS 
28/08/2018 11:10:00.896 ["Hubble Job Quartz Scheduler"_Worker-3] INFO  h.b.p.c.f.TaskRunnerExecutionFactory - Ejecucion de sitescope. Resultado: SUCCESS 
28/08/2018 11:10:00.898 ["Hubble Job Quartz Scheduler"_Worker-3] INFO  h.b.p.c.f.TaskRunnerExecutionFactory - Ejecucion de sitescope. Resultado: SUCCESS 
28/08/2018 11:15:00.328 ["Hubble Job Quartz Scheduler"_Worker-4] INFO  h.b.p.c.f.TaskRunnerExecutionFactory - Ejecucion de sitescope. Resultado: SUCCESS 
28/08/2018 11:15:00.331 ["Hubble Job Quartz Scheduler"_Worker-4] INFO  h.b.p.c.f.TaskRunnerExecutionFactory - Ejecucion de sitescope. Resultado: SUCCESS 
28/08/2018 11:15:00.332 ["Hubble Job Quartz Scheduler"_Worker-4] INFO  h.b.p.c.f.TaskRunnerExecutionFactory - Ejecucion de sitescope. Resultado: SUCCESS 
28/08/2018 11:20:00.369 ["Hubble Job Quartz Scheduler"_Worker-1] INFO  h.b.p.c.f.TaskRunnerExecutionFactory - Ejecucion de sitescope. Resultado: SUCCESS 
28/08/2018 11:20:00.371 ["Hubble Job Quartz Scheduler"_Worker-1] INFO  h.b.p.c.f.TaskRunnerExecutionFactory - Ejecucion de sitescope. Resultado: SUCCESS 
28/08/2018 11:20:00.373 ["Hubble Job Quartz Scheduler"_Worker-1] INFO  h.b.p.c.f.TaskRunnerExecutionFactory - Ejecucion de sitescope. Resultado: SUCCESS 
28/08/2018 11:25:00.587 ["Hubble Job Quartz Scheduler"_Worker-5] INFO  h.b.p.c.f.TaskRunnerExecutionFactory - Ejecucion de sitescope. Resultado: SUCCESS 
28/08/2018 11:25:00.591 ["Hubble Job Quartz Scheduler"_Worker-5] INFO  h.b.p.c.f.TaskRunnerExecutionFactory - Ejecucion de sitescope. Resultado: SUCCESS 
28/08/2018 11:25:00.595 ["Hubble Job Quartz Scheduler"_Worker-5] INFO  h.b.p.c.f.TaskRunnerExecutionFactory - Ejecucion de sitescope. Resultado: SUCCESS 
28/08/2018 11:30:00.298 ["Hubble Job Quartz Scheduler"_Worker-2] INFO  h.b.p.c.f.TaskRunnerExecutionFactory - Ejecucion de sitescope. Resultado: SUCCESS 
28/08/2018 11:30:00.301 ["Hubble Job Quartz Scheduler"_Worker-2] INFO  h.b.p.c.f.TaskRunnerExecutionFactory - Ejecucion de sitescope. Resultado: SUCCESS 
28/08/2018 11:30:00.303 ["Hubble Job Quartz Scheduler"_Worker-2] INFO  h.b.p.c.f.TaskRunnerExecutionFactory - Ejecucion de sitescope. Resultado: SUCCESS 
28/08/2018 11:35:00.362 ["Hubble Job Quartz Scheduler"_Worker-3] INFO  h.b.p.c.f.TaskRunnerExecutionFactory - Ejecucion de sitescope. Resultado: SUCCESS 
28/08/2018 11:35:00.363 ["Hubble Job Quartz Scheduler"_Worker-3] INFO  h.b.p.c.f.TaskRunnerExecutionFactory - Ejecucion de sitescope. Resultado: SUCCESS 
28/08/2018 11:35:00.365 ["Hubble Job Quartz Scheduler"_Worker-3] INFO  h.b.p.c.f.TaskRunnerExecutionFactory - Ejecucion de sitescope. Resultado: SUCCESS 
28/08/2018 11:40:00.677 ["Hubble Job Quartz Scheduler"_Worker-4] INFO  h.b.p.c.f.TaskRunnerExecutionFactory - Ejecucion de sitescope. Resultado: SUCCESS 
28/08/2018 11:40:00.680 ["Hubble Job Quartz Scheduler"_Worker-4] INFO  h.b.p.c.f.TaskRunnerExecutionFactory - Ejecucion de sitescope. Resultado: SUCCESS 
28/08/2018 11:40:00.681 ["Hubble Job Quartz Scheduler"_Worker-4] INFO  h.b.p.c.f.TaskRunnerExecutionFactory - Ejecucion de sitescope. Resultado: SUCCESS 
28/08/2018 11:45:01.082 ["Hubble Job Quartz Scheduler"_Worker-1] INFO  h.b.p.c.f.TaskRunnerExecutionFactory - Ejecucion de sitescope. Resultado: SUCCESS 
28/08/2018 11:45:01.085 ["Hubble Job Quartz Scheduler"_Worker-1] INFO  h.b.p.c.f.TaskRunnerExecutionFactory - Ejecucion de sitescope. Resultado: SUCCESS 
28/08/2018 11:45:01.088 ["Hubble Job Quartz Scheduler"_Worker-1] INFO  h.b.p.c.f.TaskRunnerExecutionFactory - Ejecucion de sitescope. Resultado: SUCCESS 
28/08/2018 11:50:00.529 ["Hubble Job Quartz Scheduler"_Worker-5] INFO  h.b.p.c.f.TaskRunnerExecutionFactory - Ejecucion de sitescope. Resultado: SUCCESS 
28/08/2018 11:50:00.531 ["Hubble Job Quartz Scheduler"_Worker-5] INFO  h.b.p.c.f.TaskRunnerExecutionFactory - Ejecucion de sitescope. Resultado: SUCCESS 
28/08/2018 11:50:00.533 ["Hubble Job Quartz Scheduler"_Worker-5] INFO  h.b.p.c.f.TaskRunnerExecutionFactory - Ejecucion de sitescope. Resultado: SUCCESS 
28/08/2018 11:55:00.497 ["Hubble Job Quartz Scheduler"_Worker-2] INFO  h.b.p.c.f.TaskRunnerExecutionFactory - Ejecucion de sitescope. Resultado: SUCCESS 
28/08/2018 11:55:00.499 ["Hubble Job Quartz Scheduler"_Worker-2] INFO  h.b.p.c.f.TaskRunnerExecutionFactory - Ejecucion de sitescope. Resultado: SUCCESS 
28/08/2018 11:55:00.501 ["Hubble Job Quartz Scheduler"_Worker-2] INFO  h.b.p.c.f.TaskRunnerExecutionFactory - Ejecucion de sitescope. Resultado: SUCCESS 
28/08/2018 12:00:01.044 ["Hubble Job Quartz Scheduler"_Worker-4] INFO  h.b.p.c.f.TaskRunnerExecutionFactory - Ejecucion de sitescope. Resultado: SUCCESS 
28/08/2018 12:00:01.053 ["Hubble Job Quartz Scheduler"_Worker-4] INFO  h.b.p.c.f.TaskRunnerExecutionFactory - Ejecucion de sitescope. Resultado: SUCCESS 
28/08/2018 12:00:01.057 ["Hubble Job Quartz Scheduler"_Worker-4] INFO  h.b.p.c.f.TaskRunnerExecutionFactory - Ejecucion de sitescope. Resultado: SUCCESS 
28/08/2018 12:00:01.950 ["Hubble Job Quartz Scheduler"_Worker-3] ERROR h.b.t.jobs.bsm.BsmDataParserJob - null 
28/08/2018 12:05:01.409 ["Hubble Job Quartz Scheduler"_Worker-1] INFO  h.b.p.c.f.TaskRunnerExecutionFactory - Ejecucion de sitescope. Resultado: SUCCESS 
28/08/2018 12:05:01.411 ["Hubble Job Quartz Scheduler"_Worker-1] INFO  h.b.p.c.f.TaskRunnerExecutionFactory - Ejecucion de sitescope. Resultado: SUCCESS 
28/08/2018 12:05:01.414 ["Hubble Job Quartz Scheduler"_Worker-1] INFO  h.b.p.c.f.TaskRunnerExecutionFactory - Ejecucion de sitescope. Resultado: SUCCESS 
28/08/2018 12:10:01.186 ["Hubble Job Quartz Scheduler"_Worker-5] INFO  h.b.p.c.f.TaskRunnerExecutionFactory - Ejecucion de sitescope. Resultado: SUCCESS 
28/08/2018 12:10:01.189 ["Hubble Job Quartz Scheduler"_Worker-5] INFO  h.b.p.c.f.TaskRunnerExecutionFactory - Ejecucion de sitescope. Resultado: SUCCESS 
28/08/2018 12:10:01.191 ["Hubble Job Quartz Scheduler"_Worker-5] INFO  h.b.p.c.f.TaskRunnerExecutionFactory - Ejecucion de sitescope. Resultado: SUCCESS 
28/08/2018 12:15:00.575 ["Hubble Job Quartz Scheduler"_Worker-2] INFO  h.b.p.c.f.TaskRunnerExecutionFactory - Ejecucion de sitescope. Resultado: SUCCESS 
28/08/2018 12:15:00.577 ["Hubble Job Quartz Scheduler"_Worker-2] INFO  h.b.p.c.f.TaskRunnerExecutionFactory - Ejecucion de sitescope. Resultado: SUCCESS 
28/08/2018 12:15:00.579 ["Hubble Job Quartz Scheduler"_Worker-2] INFO  h.b.p.c.f.TaskRunnerExecutionFactory - Ejecucion de sitescope. Resultado: SUCCESS 
28/08/2018 12:20:00.356 ["Hubble Job Quartz Scheduler"_Worker-4] INFO  h.b.p.c.f.TaskRunnerExecutionFactory - Ejecucion de sitescope. Resultado: SUCCESS 
28/08/2018 12:20:00.357 ["Hubble Job Quartz Scheduler"_Worker-4] INFO  h.b.p.c.f.TaskRunnerExecutionFactory - Ejecucion de sitescope. Resultado: SUCCESS 
28/08/2018 12:20:00.359 ["Hubble Job Quartz Scheduler"_Worker-4] INFO  h.b.p.c.f.TaskRunnerExecutionFactory - Ejecucion de sitescope. Resultado: SUCCESS 
28/08/2018 12:25:00.324 ["Hubble Job Quartz Scheduler"_Worker-3] INFO  h.b.p.c.f.TaskRunnerExecutionFactory - Ejecucion de sitescope. Resultado: SUCCESS 
28/08/2018 12:25:00.326 ["Hubble Job Quartz Scheduler"_Worker-3] INFO  h.b.p.c.f.TaskRunnerExecutionFactory - Ejecucion de sitescope. Resultado: SUCCESS 
28/08/2018 12:25:00.328 ["Hubble Job Quartz Scheduler"_Worker-3] INFO  h.b.p.c.f.TaskRunnerExecutionFactory - Ejecucion de sitescope. Resultado: SUCCESS 
28/08/2018 12:30:00.303 ["Hubble Job Quartz Scheduler"_Worker-1] INFO  h.b.p.c.f.TaskRunnerExecutionFactory - Ejecucion de sitescope. Resultado: SUCCESS 
28/08/2018 12:30:00.305 ["Hubble Job Quartz Scheduler"_Worker-1] INFO  h.b.p.c.f.TaskRunnerExecutionFactory - Ejecucion de sitescope. Resultado: SUCCESS 
28/08/2018 12:30:00.307 ["Hubble Job Quartz Scheduler"_Worker-1] INFO  h.b.p.c.f.TaskRunnerExecutionFactory - Ejecucion de sitescope. Resultado: SUCCESS 
28/08/2018 12:35:00.313 ["Hubble Job Quartz Scheduler"_Worker-5] INFO  h.b.p.c.f.TaskRunnerExecutionFactory - Ejecucion de sitescope. Resultado: SUCCESS 
28/08/2018 12:35:00.316 ["Hubble Job Quartz Scheduler"_Worker-5] INFO  h.b.p.c.f.TaskRunnerExecutionFactory - Ejecucion de sitescope. Resultado: SUCCESS 
28/08/2018 12:35:00.318 ["Hubble Job Quartz Scheduler"_Worker-5] INFO  h.b.p.c.f.TaskRunnerExecutionFactory - Ejecucion de sitescope. Resultado: SUCCESS 
28/08/2018 12:40:00.347 ["Hubble Job Quartz Scheduler"_Worker-2] INFO  h.b.p.c.f.TaskRunnerExecutionFactory - Ejecucion de sitescope. Resultado: SUCCESS 
28/08/2018 12:40:00.351 ["Hubble Job Quartz Scheduler"_Worker-2] INFO  h.b.p.c.f.TaskRunnerExecutionFactory - Ejecucion de sitescope. Resultado: SUCCESS 
28/08/2018 12:40:00.359 ["Hubble Job Quartz Scheduler"_Worker-2] INFO  h.b.p.c.f.TaskRunnerExecutionFactory - Ejecucion de sitescope. Resultado: SUCCESS 
28/08/2018 12:45:00.277 ["Hubble Job Quartz Scheduler"_Worker-4] INFO  h.b.p.c.f.TaskRunnerExecutionFactory - Ejecucion de sitescope. Resultado: SUCCESS 
28/08/2018 12:45:00.279 ["Hubble Job Quartz Scheduler"_Worker-4] INFO  h.b.p.c.f.TaskRunnerExecutionFactory - Ejecucion de sitescope. Resultado: SUCCESS 
28/08/2018 12:45:00.281 ["Hubble Job Quartz Scheduler"_Worker-4] INFO  h.b.p.c.f.TaskRunnerExecutionFactory - Ejecucion de sitescope. Resultado: SUCCESS 
28/08/2018 12:50:00.260 ["Hubble Job Quartz Scheduler"_Worker-3] INFO  h.b.p.c.f.TaskRunnerExecutionFactory - Ejecucion de sitescope. Resultado: SUCCESS 
28/08/2018 12:50:00.262 ["Hubble Job Quartz Scheduler"_Worker-3] INFO  h.b.p.c.f.TaskRunnerExecutionFactory - Ejecucion de sitescope. Resultado: SUCCESS 
28/08/2018 12:50:00.265 ["Hubble Job Quartz Scheduler"_Worker-3] INFO  h.b.p.c.f.TaskRunnerExecutionFactory - Ejecucion de sitescope. Resultado: SUCCESS 
28/08/2018 12:55:00.510 ["Hubble Job Quartz Scheduler"_Worker-1] INFO  h.b.p.c.f.TaskRunnerExecutionFactory - Ejecucion de sitescope. Resultado: SUCCESS 
28/08/2018 12:55:00.512 ["Hubble Job Quartz Scheduler"_Worker-1] INFO  h.b.p.c.f.TaskRunnerExecutionFactory - Ejecucion de sitescope. Resultado: SUCCESS 
28/08/2018 12:55:00.514 ["Hubble Job Quartz Scheduler"_Worker-1] INFO  h.b.p.c.f.TaskRunnerExecutionFactory - Ejecucion de sitescope. Resultado: SUCCESS 
28/08/2018 13:00:00.478 ["Hubble Job Quartz Scheduler"_Worker-2] INFO  h.b.p.c.f.TaskRunnerExecutionFactory - Ejecucion de sitescope. Resultado: SUCCESS 
28/08/2018 13:00:00.481 ["Hubble Job Quartz Scheduler"_Worker-2] INFO  h.b.p.c.f.TaskRunnerExecutionFactory - Ejecucion de sitescope. Resultado: SUCCESS 
28/08/2018 13:00:00.482 ["Hubble Job Quartz Scheduler"_Worker-2] INFO  h.b.p.c.f.TaskRunnerExecutionFactory - Ejecucion de sitescope. Resultado: SUCCESS 
28/08/2018 13:00:02.213 ["Hubble Job Quartz Scheduler"_Worker-5] ERROR h.b.p.t.i.bsm.BsmTransportImpl - There is no response from BSM: http://t-srvbacapplsar.tsoftglobal.com/topaz/gdeopenapi/services/GdeWsOpenAPI?wsdl 
28/08/2018 13:00:02.218 ["Hubble Job Quartz Scheduler"_Worker-5] WARN  h.b.p.p.i.bsm.BsmParserDataImpl - No se obtuvo data de BSM 
28/08/2018 13:00:02.225 ["Hubble Job Quartz Scheduler"_Worker-5] INFO  h.b.p.c.f.TaskRunnerExecutionFactory - Ejecucion de bsm. Resultado: FAILURE 
28/08/2018 13:00:02.227 ["Hubble Job Quartz Scheduler"_Worker-5] INFO  h.b.p.c.f.TaskRunnerExecutionFactory - Ejecucion de bsm. Resultado: FAILURE 
28/08/2018 13:00:02.230 ["Hubble Job Quartz Scheduler"_Worker-5] INFO  h.b.p.c.f.TaskRunnerExecutionFactory - Ejecucion de bsm. Resultado: FAILURE 
28/08/2018 13:05:00.303 ["Hubble Job Quartz Scheduler"_Worker-4] INFO  h.b.p.c.f.TaskRunnerExecutionFactory - Ejecucion de sitescope. Resultado: SUCCESS 
28/08/2018 13:05:00.305 ["Hubble Job Quartz Scheduler"_Worker-4] INFO  h.b.p.c.f.TaskRunnerExecutionFactory - Ejecucion de sitescope. Resultado: SUCCESS 
28/08/2018 13:05:00.306 ["Hubble Job Quartz Scheduler"_Worker-4] INFO  h.b.p.c.f.TaskRunnerExecutionFactory - Ejecucion de sitescope. Resultado: SUCCESS 
28/08/2018 13:10:00.281 ["Hubble Job Quartz Scheduler"_Worker-3] INFO  h.b.p.c.f.TaskRunnerExecutionFactory - Ejecucion de sitescope. Resultado: SUCCESS 
28/08/2018 13:10:00.283 ["Hubble Job Quartz Scheduler"_Worker-3] INFO  h.b.p.c.f.TaskRunnerExecutionFactory - Ejecucion de sitescope. Resultado: SUCCESS 
28/08/2018 13:10:00.286 ["Hubble Job Quartz Scheduler"_Worker-3] INFO  h.b.p.c.f.TaskRunnerExecutionFactory - Ejecucion de sitescope. Resultado: SUCCESS 
28/08/2018 13:15:00.298 ["Hubble Job Quartz Scheduler"_Worker-1] INFO  h.b.p.c.f.TaskRunnerExecutionFactory - Ejecucion de sitescope. Resultado: SUCCESS 
28/08/2018 13:15:00.761 ["Hubble Job Quartz Scheduler"_Worker-1] INFO  h.b.p.c.f.TaskRunnerExecutionFactory - Ejecucion de sitescope. Resultado: SUCCESS 
28/08/2018 13:15:00.764 ["Hubble Job Quartz Scheduler"_Worker-1] INFO  h.b.p.c.f.TaskRunnerExecutionFactory - Ejecucion de sitescope. Resultado: SUCCESS 
28/08/2018 13:20:00.318 ["Hubble Job Quartz Scheduler"_Worker-2] INFO  h.b.p.c.f.TaskRunnerExecutionFactory - Ejecucion de sitescope. Resultado: SUCCESS 
28/08/2018 13:20:00.320 ["Hubble Job Quartz Scheduler"_Worker-2] INFO  h.b.p.c.f.TaskRunnerExecutionFactory - Ejecucion de sitescope. Resultado: SUCCESS 
28/08/2018 13:20:00.321 ["Hubble Job Quartz Scheduler"_Worker-2] INFO  h.b.p.c.f.TaskRunnerExecutionFactory - Ejecucion de sitescope. Resultado: SUCCESS 
28/08/2018 13:25:01.097 ["Hubble Job Quartz Scheduler"_Worker-5] INFO  h.b.p.c.f.TaskRunnerExecutionFactory - Ejecucion de sitescope. Resultado: SUCCESS 
28/08/2018 13:25:01.099 ["Hubble Job Quartz Scheduler"_Worker-5] INFO  h.b.p.c.f.TaskRunnerExecutionFactory - Ejecucion de sitescope. Resultado: SUCCESS 
28/08/2018 13:25:01.100 ["Hubble Job Quartz Scheduler"_Worker-5] INFO  h.b.p.c.f.TaskRunnerExecutionFactory - Ejecucion de sitescope. Resultado: SUCCESS 
28/08/2018 13:30:00.743 ["Hubble Job Quartz Scheduler"_Worker-4] INFO  h.b.p.c.f.TaskRunnerExecutionFactory - Ejecucion de sitescope. Resultado: SUCCESS 
28/08/2018 13:30:00.745 ["Hubble Job Quartz Scheduler"_Worker-4] INFO  h.b.p.c.f.TaskRunnerExecutionFactory - Ejecucion de sitescope. Resultado: SUCCESS 
28/08/2018 13:30:00.748 ["Hubble Job Quartz Scheduler"_Worker-4] INFO  h.b.p.c.f.TaskRunnerExecutionFactory - Ejecucion de sitescope. Resultado: SUCCESS 
28/08/2018 13:35:00.440 ["Hubble Job Quartz Scheduler"_Worker-3] INFO  h.b.p.c.f.TaskRunnerExecutionFactory - Ejecucion de sitescope. Resultado: SUCCESS 
28/08/2018 13:35:00.442 ["Hubble Job Quartz Scheduler"_Worker-3] INFO  h.b.p.c.f.TaskRunnerExecutionFactory - Ejecucion de sitescope. Resultado: SUCCESS 
28/08/2018 13:35:00.443 ["Hubble Job Quartz Scheduler"_Worker-3] INFO  h.b.p.c.f.TaskRunnerExecutionFactory - Ejecucion de sitescope. Resultado: SUCCESS 
28/08/2018 13:40:00.302 ["Hubble Job Quartz Scheduler"_Worker-1] INFO  h.b.p.c.f.TaskRunnerExecutionFactory - Ejecucion de sitescope. Resultado: SUCCESS 
28/08/2018 13:40:00.303 ["Hubble Job Quartz Scheduler"_Worker-1] INFO  h.b.p.c.f.TaskRunnerExecutionFactory - Ejecucion de sitescope. Resultado: SUCCESS 
28/08/2018 13:40:00.305 ["Hubble Job Quartz Scheduler"_Worker-1] INFO  h.b.p.c.f.TaskRunnerExecutionFactory - Ejecucion de sitescope. Resultado: SUCCESS 
28/08/2018 13:45:00.353 ["Hubble Job Quartz Scheduler"_Worker-2] INFO  h.b.p.c.f.TaskRunnerExecutionFactory - Ejecucion de sitescope. Resultado: SUCCESS 
28/08/2018 13:45:00.355 ["Hubble Job Quartz Scheduler"_Worker-2] INFO  h.b.p.c.f.TaskRunnerExecutionFactory - Ejecucion de sitescope. Resultado: SUCCESS 
28/08/2018 13:45:00.356 ["Hubble Job Quartz Scheduler"_Worker-2] INFO  h.b.p.c.f.TaskRunnerExecutionFactory - Ejecucion de sitescope. Resultado: SUCCESS 
28/08/2018 13:50:00.322 ["Hubble Job Quartz Scheduler"_Worker-5] INFO  h.b.p.c.f.TaskRunnerExecutionFactory - Ejecucion de sitescope. Resultado: SUCCESS 
28/08/2018 13:50:00.323 ["Hubble Job Quartz Scheduler"_Worker-5] INFO  h.b.p.c.f.TaskRunnerExecutionFactory - Ejecucion de sitescope. Resultado: SUCCESS 
28/08/2018 13:50:00.325 ["Hubble Job Quartz Scheduler"_Worker-5] INFO  h.b.p.c.f.TaskRunnerExecutionFactory - Ejecucion de sitescope. Resultado: SUCCESS 
28/08/2018 13:55:00.356 ["Hubble Job Quartz Scheduler"_Worker-4] INFO  h.b.p.c.f.TaskRunnerExecutionFactory - Ejecucion de sitescope. Resultado: SUCCESS 
28/08/2018 13:55:00.357 ["Hubble Job Quartz Scheduler"_Worker-4] INFO  h.b.p.c.f.TaskRunnerExecutionFactory - Ejecucion de sitescope. Resultado: SUCCESS 
28/08/2018 13:55:00.358 ["Hubble Job Quartz Scheduler"_Worker-4] INFO  h.b.p.c.f.TaskRunnerExecutionFactory - Ejecucion de sitescope. Resultado: SUCCESS 
28/08/2018 14:00:00.281 ["Hubble Job Quartz Scheduler"_Worker-1] INFO  h.b.p.c.f.TaskRunnerExecutionFactory - Ejecucion de sitescope. Resultado: SUCCESS 
28/08/2018 14:00:00.283 ["Hubble Job Quartz Scheduler"_Worker-1] INFO  h.b.p.c.f.TaskRunnerExecutionFactory - Ejecucion de sitescope. Resultado: SUCCESS 
28/08/2018 14:00:00.285 ["Hubble Job Quartz Scheduler"_Worker-1] INFO  h.b.p.c.f.TaskRunnerExecutionFactory - Ejecucion de sitescope. Resultado: SUCCESS 
28/08/2018 14:00:04.355 ["Hubble Job Quartz Scheduler"_Worker-3] INFO  h.b.p.c.f.TaskRunnerExecutionFactory - Ejecucion de bsm. Resultado: FAILURE 
28/08/2018 14:00:04.359 ["Hubble Job Quartz Scheduler"_Worker-3] INFO  h.b.p.c.f.TaskRunnerExecutionFactory - Ejecucion de bsm. Resultado: FAILURE 
28/08/2018 14:00:04.365 ["Hubble Job Quartz Scheduler"_Worker-3] INFO  h.b.p.c.f.TaskRunnerExecutionFactory - Ejecucion de bsm. Resultado: FAILURE 
28/08/2018 14:05:00.278 ["Hubble Job Quartz Scheduler"_Worker-2] INFO  h.b.p.c.f.TaskRunnerExecutionFactory - Ejecucion de sitescope. Resultado: SUCCESS 
28/08/2018 14:05:00.279 ["Hubble Job Quartz Scheduler"_Worker-2] INFO  h.b.p.c.f.TaskRunnerExecutionFactory - Ejecucion de sitescope. Resultado: SUCCESS 
28/08/2018 14:05:00.281 ["Hubble Job Quartz Scheduler"_Worker-2] INFO  h.b.p.c.f.TaskRunnerExecutionFactory - Ejecucion de sitescope. Resultado: SUCCESS 
28/08/2018 14:10:00.665 ["Hubble Job Quartz Scheduler"_Worker-5] INFO  h.b.p.c.f.TaskRunnerExecutionFactory - Ejecucion de sitescope. Resultado: SUCCESS 
28/08/2018 14:10:00.668 ["Hubble Job Quartz Scheduler"_Worker-5] INFO  h.b.p.c.f.TaskRunnerExecutionFactory - Ejecucion de sitescope. Resultado: SUCCESS 
28/08/2018 14:10:00.669 ["Hubble Job Quartz Scheduler"_Worker-5] INFO  h.b.p.c.f.TaskRunnerExecutionFactory - Ejecucion de sitescope. Resultado: SUCCESS 
28/08/2018 14:15:00.367 ["Hubble Job Quartz Scheduler"_Worker-4] INFO  h.b.p.c.f.TaskRunnerExecutionFactory - Ejecucion de sitescope. Resultado: SUCCESS 
28/08/2018 14:15:00.369 ["Hubble Job Quartz Scheduler"_Worker-4] INFO  h.b.p.c.f.TaskRunnerExecutionFactory - Ejecucion de sitescope. Resultado: SUCCESS 
28/08/2018 14:15:00.371 ["Hubble Job Quartz Scheduler"_Worker-4] INFO  h.b.p.c.f.TaskRunnerExecutionFactory - Ejecucion de sitescope. Resultado: SUCCESS 
28/08/2018 14:20:00.337 ["Hubble Job Quartz Scheduler"_Worker-1] INFO  h.b.p.c.f.TaskRunnerExecutionFactory - Ejecucion de sitescope. Resultado: SUCCESS 
28/08/2018 14:20:00.340 ["Hubble Job Quartz Scheduler"_Worker-1] INFO  h.b.p.c.f.TaskRunnerExecutionFactory - Ejecucion de sitescope. Resultado: SUCCESS 
28/08/2018 14:20:00.341 ["Hubble Job Quartz Scheduler"_Worker-1] INFO  h.b.p.c.f.TaskRunnerExecutionFactory - Ejecucion de sitescope. Resultado: SUCCESS 
28/08/2018 14:25:00.635 ["Hubble Job Quartz Scheduler"_Worker-3] INFO  h.b.p.c.f.TaskRunnerExecutionFactory - Ejecucion de sitescope. Resultado: SUCCESS 
28/08/2018 14:25:00.637 ["Hubble Job Quartz Scheduler"_Worker-3] INFO  h.b.p.c.f.TaskRunnerExecutionFactory - Ejecucion de sitescope. Resultado: SUCCESS 
28/08/2018 14:25:00.640 ["Hubble Job Quartz Scheduler"_Worker-3] INFO  h.b.p.c.f.TaskRunnerExecutionFactory - Ejecucion de sitescope. Resultado: SUCCESS 
28/08/2018 14:30:00.359 ["Hubble Job Quartz Scheduler"_Worker-2] INFO  h.b.p.c.f.TaskRunnerExecutionFactory - Ejecucion de sitescope. Resultado: SUCCESS 
28/08/2018 14:30:00.361 ["Hubble Job Quartz Scheduler"_Worker-2] INFO  h.b.p.c.f.TaskRunnerExecutionFactory - Ejecucion de sitescope. Resultado: SUCCESS 
28/08/2018 14:30:00.361 ["Hubble Job Quartz Scheduler"_Worker-2] INFO  h.b.p.c.f.TaskRunnerExecutionFactory - Ejecucion de sitescope. Resultado: SUCCESS 
28/08/2018 14:35:00.625 ["Hubble Job Quartz Scheduler"_Worker-5] INFO  h.b.p.c.f.TaskRunnerExecutionFactory - Ejecucion de sitescope. Resultado: SUCCESS 
28/08/2018 14:35:00.627 ["Hubble Job Quartz Scheduler"_Worker-5] INFO  h.b.p.c.f.TaskRunnerExecutionFactory - Ejecucion de sitescope. Resultado: SUCCESS 
28/08/2018 14:35:00.629 ["Hubble Job Quartz Scheduler"_Worker-5] INFO  h.b.p.c.f.TaskRunnerExecutionFactory - Ejecucion de sitescope. Resultado: SUCCESS 
28/08/2018 14:40:00.250 ["Hubble Job Quartz Scheduler"_Worker-4] INFO  h.b.p.c.f.TaskRunnerExecutionFactory - Ejecucion de sitescope. Resultado: SUCCESS 
28/08/2018 14:40:00.252 ["Hubble Job Quartz Scheduler"_Worker-4] INFO  h.b.p.c.f.TaskRunnerExecutionFactory - Ejecucion de sitescope. Resultado: SUCCESS 
28/08/2018 14:40:00.254 ["Hubble Job Quartz Scheduler"_Worker-4] INFO  h.b.p.c.f.TaskRunnerExecutionFactory - Ejecucion de sitescope. Resultado: SUCCESS 
28/08/2018 14:45:00.469 ["Hubble Job Quartz Scheduler"_Worker-1] INFO  h.b.p.c.f.TaskRunnerExecutionFactory - Ejecucion de sitescope. Resultado: SUCCESS 
28/08/2018 14:45:00.471 ["Hubble Job Quartz Scheduler"_Worker-1] INFO  h.b.p.c.f.TaskRunnerExecutionFactory - Ejecucion de sitescope. Resultado: SUCCESS 
28/08/2018 14:45:00.473 ["Hubble Job Quartz Scheduler"_Worker-1] INFO  h.b.p.c.f.TaskRunnerExecutionFactory - Ejecucion de sitescope. Resultado: SUCCESS 
28/08/2018 14:50:00.320 ["Hubble Job Quartz Scheduler"_Worker-3] INFO  h.b.p.c.f.TaskRunnerExecutionFactory - Ejecucion de sitescope. Resultado: SUCCESS 
28/08/2018 14:50:00.322 ["Hubble Job Quartz Scheduler"_Worker-3] INFO  h.b.p.c.f.TaskRunnerExecutionFactory - Ejecucion de sitescope. Resultado: SUCCESS 
28/08/2018 14:50:00.323 ["Hubble Job Quartz Scheduler"_Worker-3] INFO  h.b.p.c.f.TaskRunnerExecutionFactory - Ejecucion de sitescope. Resultado: SUCCESS 
28/08/2018 14:55:00.271 ["Hubble Job Quartz Scheduler"_Worker-2] INFO  h.b.p.c.f.TaskRunnerExecutionFactory - Ejecucion de sitescope. Resultado: SUCCESS 
28/08/2018 14:55:00.273 ["Hubble Job Quartz Scheduler"_Worker-2] INFO  h.b.p.c.f.TaskRunnerExecutionFactory - Ejecucion de sitescope. Resultado: SUCCESS 
28/08/2018 14:55:00.276 ["Hubble Job Quartz Scheduler"_Worker-2] INFO  h.b.p.c.f.TaskRunnerExecutionFactory - Ejecucion de sitescope. Resultado: SUCCESS 
28/08/2018 15:00:00.423 ["Hubble Job Quartz Scheduler"_Worker-4] INFO  h.b.p.c.f.TaskRunnerExecutionFactory - Ejecucion de sitescope. Resultado: SUCCESS 
28/08/2018 15:00:00.427 ["Hubble Job Quartz Scheduler"_Worker-4] INFO  h.b.p.c.f.TaskRunnerExecutionFactory - Ejecucion de sitescope. Resultado: SUCCESS 
28/08/2018 15:00:00.429 ["Hubble Job Quartz Scheduler"_Worker-4] INFO  h.b.p.c.f.TaskRunnerExecutionFactory - Ejecucion de sitescope. Resultado: SUCCESS 
28/08/2018 15:00:00.974 ["Hubble Job Quartz Scheduler"_Worker-5] INFO  h.b.p.c.f.TaskRunnerExecutionFactory - Ejecucion de bsm. Resultado: FAILURE 
28/08/2018 15:00:00.975 ["Hubble Job Quartz Scheduler"_Worker-5] INFO  h.b.p.c.f.TaskRunnerExecutionFactory - Ejecucion de bsm. Resultado: FAILURE 
28/08/2018 15:00:00.977 ["Hubble Job Quartz Scheduler"_Worker-5] INFO  h.b.p.c.f.TaskRunnerExecutionFactory - Ejecucion de bsm. Resultado: FAILURE 
28/08/2018 15:05:00.532 ["Hubble Job Quartz Scheduler"_Worker-1] INFO  h.b.p.c.f.TaskRunnerExecutionFactory - Ejecucion de sitescope. Resultado: SUCCESS 
28/08/2018 15:05:00.534 ["Hubble Job Quartz Scheduler"_Worker-1] INFO  h.b.p.c.f.TaskRunnerExecutionFactory - Ejecucion de sitescope. Resultado: SUCCESS 
28/08/2018 15:05:00.536 ["Hubble Job Quartz Scheduler"_Worker-1] INFO  h.b.p.c.f.TaskRunnerExecutionFactory - Ejecucion de sitescope. Resultado: SUCCESS 
28/08/2018 15:10:00.594 ["Hubble Job Quartz Scheduler"_Worker-3] INFO  h.b.p.c.f.TaskRunnerExecutionFactory - Ejecucion de sitescope. Resultado: SUCCESS 
28/08/2018 15:10:00.598 ["Hubble Job Quartz Scheduler"_Worker-3] INFO  h.b.p.c.f.TaskRunnerExecutionFactory - Ejecucion de sitescope. Resultado: SUCCESS 
28/08/2018 15:10:00.601 ["Hubble Job Quartz Scheduler"_Worker-3] INFO  h.b.p.c.f.TaskRunnerExecutionFactory - Ejecucion de sitescope. Resultado: SUCCESS 
28/08/2018 15:15:00.488 ["Hubble Job Quartz Scheduler"_Worker-2] INFO  h.b.p.c.f.TaskRunnerExecutionFactory - Ejecucion de sitescope. Resultado: SUCCESS 
28/08/2018 15:15:00.490 ["Hubble Job Quartz Scheduler"_Worker-2] INFO  h.b.p.c.f.TaskRunnerExecutionFactory - Ejecucion de sitescope. Resultado: SUCCESS 
28/08/2018 15:15:00.491 ["Hubble Job Quartz Scheduler"_Worker-2] INFO  h.b.p.c.f.TaskRunnerExecutionFactory - Ejecucion de sitescope. Resultado: SUCCESS 
28/08/2018 15:20:00.329 ["Hubble Job Quartz Scheduler"_Worker-4] INFO  h.b.p.c.f.TaskRunnerExecutionFactory - Ejecucion de sitescope. Resultado: SUCCESS 
28/08/2018 15:20:00.331 ["Hubble Job Quartz Scheduler"_Worker-4] INFO  h.b.p.c.f.TaskRunnerExecutionFactory - Ejecucion de sitescope. Resultado: SUCCESS 
28/08/2018 15:20:00.334 ["Hubble Job Quartz Scheduler"_Worker-4] INFO  h.b.p.c.f.TaskRunnerExecutionFactory - Ejecucion de sitescope. Resultado: SUCCESS 
28/08/2018 15:25:00.583 ["Hubble Job Quartz Scheduler"_Worker-5] INFO  h.b.p.c.f.TaskRunnerExecutionFactory - Ejecucion de sitescope. Resultado: SUCCESS 
28/08/2018 15:25:00.585 ["Hubble Job Quartz Scheduler"_Worker-5] INFO  h.b.p.c.f.TaskRunnerExecutionFactory - Ejecucion de sitescope. Resultado: SUCCESS 
28/08/2018 15:25:00.586 ["Hubble Job Quartz Scheduler"_Worker-5] INFO  h.b.p.c.f.TaskRunnerExecutionFactory - Ejecucion de sitescope. Resultado: SUCCESS 
28/08/2018 15:30:00.438 ["Hubble Job Quartz Scheduler"_Worker-1] INFO  h.b.p.c.f.TaskRunnerExecutionFactory - Ejecucion de sitescope. Resultado: SUCCESS 
28/08/2018 15:30:00.440 ["Hubble Job Quartz Scheduler"_Worker-1] INFO  h.b.p.c.f.TaskRunnerExecutionFactory - Ejecucion de sitescope. Resultado: SUCCESS 
28/08/2018 15:30:00.442 ["Hubble Job Quartz Scheduler"_Worker-1] INFO  h.b.p.c.f.TaskRunnerExecutionFactory - Ejecucion de sitescope. Resultado: SUCCESS 
28/08/2018 15:35:00.381 ["Hubble Job Quartz Scheduler"_Worker-3] INFO  h.b.p.c.f.TaskRunnerExecutionFactory - Ejecucion de sitescope. Resultado: SUCCESS 
28/08/2018 15:35:00.385 ["Hubble Job Quartz Scheduler"_Worker-3] INFO  h.b.p.c.f.TaskRunnerExecutionFactory - Ejecucion de sitescope. Resultado: SUCCESS 
28/08/2018 15:35:00.387 ["Hubble Job Quartz Scheduler"_Worker-3] INFO  h.b.p.c.f.TaskRunnerExecutionFactory - Ejecucion de sitescope. Resultado: SUCCESS 
28/08/2018 15:40:00.312 ["Hubble Job Quartz Scheduler"_Worker-2] INFO  h.b.p.c.f.TaskRunnerExecutionFactory - Ejecucion de sitescope. Resultado: SUCCESS 
28/08/2018 15:40:00.315 ["Hubble Job Quartz Scheduler"_Worker-2] INFO  h.b.p.c.f.TaskRunnerExecutionFactory - Ejecucion de sitescope. Resultado: SUCCESS 
28/08/2018 15:40:00.320 ["Hubble Job Quartz Scheduler"_Worker-2] INFO  h.b.p.c.f.TaskRunnerExecutionFactory - Ejecucion de sitescope. Resultado: SUCCESS 
28/08/2018 15:45:00.468 ["Hubble Job Quartz Scheduler"_Worker-4] INFO  h.b.p.c.f.TaskRunnerExecutionFactory - Ejecucion de sitescope. Resultado: SUCCESS 
28/08/2018 15:45:00.471 ["Hubble Job Quartz Scheduler"_Worker-4] INFO  h.b.p.c.f.TaskRunnerExecutionFactory - Ejecucion de sitescope. Resultado: SUCCESS 
28/08/2018 15:45:00.473 ["Hubble Job Quartz Scheduler"_Worker-4] INFO  h.b.p.c.f.TaskRunnerExecutionFactory - Ejecucion de sitescope. Resultado: SUCCESS 
28/08/2018 15:50:03.271 ["Hubble Job Quartz Scheduler"_Worker-5] INFO  h.b.p.c.f.TaskRunnerExecutionFactory - Ejecucion de sitescope. Resultado: SUCCESS 
28/08/2018 15:50:03.273 ["Hubble Job Quartz Scheduler"_Worker-5] INFO  h.b.p.c.f.TaskRunnerExecutionFactory - Ejecucion de sitescope. Resultado: SUCCESS 
28/08/2018 15:50:03.275 ["Hubble Job Quartz Scheduler"_Worker-5] INFO  h.b.p.c.f.TaskRunnerExecutionFactory - Ejecucion de sitescope. Resultado: SUCCESS 
28/08/2018 15:55:00.683 ["Hubble Job Quartz Scheduler"_Worker-1] INFO  h.b.p.c.f.TaskRunnerExecutionFactory - Ejecucion de sitescope. Resultado: SUCCESS 
28/08/2018 15:55:00.685 ["Hubble Job Quartz Scheduler"_Worker-1] INFO  h.b.p.c.f.TaskRunnerExecutionFactory - Ejecucion de sitescope. Resultado: SUCCESS 
28/08/2018 15:55:00.687 ["Hubble Job Quartz Scheduler"_Worker-1] INFO  h.b.p.c.f.TaskRunnerExecutionFactory - Ejecucion de sitescope. Resultado: SUCCESS 
28/08/2018 16:00:00.453 ["Hubble Job Quartz Scheduler"_Worker-2] INFO  h.b.p.c.f.TaskRunnerExecutionFactory - Ejecucion de sitescope. Resultado: SUCCESS 
28/08/2018 16:00:00.482 ["Hubble Job Quartz Scheduler"_Worker-2] INFO  h.b.p.c.f.TaskRunnerExecutionFactory - Ejecucion de sitescope. Resultado: SUCCESS 
28/08/2018 16:00:00.487 ["Hubble Job Quartz Scheduler"_Worker-2] INFO  h.b.p.c.f.TaskRunnerExecutionFactory - Ejecucion de sitescope. Resultado: SUCCESS 
28/08/2018 16:00:01.941 ["Hubble Job Quartz Scheduler"_Worker-3] INFO  h.b.p.c.f.TaskRunnerExecutionFactory - Ejecucion de bsm. Resultado: FAILURE 
28/08/2018 16:00:01.944 ["Hubble Job Quartz Scheduler"_Worker-3] INFO  h.b.p.c.f.TaskRunnerExecutionFactory - Ejecucion de bsm. Resultado: FAILURE 
28/08/2018 16:00:01.945 ["Hubble Job Quartz Scheduler"_Worker-3] INFO  h.b.p.c.f.TaskRunnerExecutionFactory - Ejecucion de bsm. Resultado: FAILURE 
28/08/2018 16:05:00.351 ["Hubble Job Quartz Scheduler"_Worker-4] INFO  h.b.p.c.f.TaskRunnerExecutionFactory - Ejecucion de sitescope. Resultado: SUCCESS 
28/08/2018 16:05:00.353 ["Hubble Job Quartz Scheduler"_Worker-4] INFO  h.b.p.c.f.TaskRunnerExecutionFactory - Ejecucion de sitescope. Resultado: SUCCESS 
28/08/2018 16:05:00.355 ["Hubble Job Quartz Scheduler"_Worker-4] INFO  h.b.p.c.f.TaskRunnerExecutionFactory - Ejecucion de sitescope. Resultado: SUCCESS 
28/08/2018 16:10:00.619 ["Hubble Job Quartz Scheduler"_Worker-5] INFO  h.b.p.c.f.TaskRunnerExecutionFactory - Ejecucion de sitescope. Resultado: SUCCESS 
28/08/2018 16:10:00.621 ["Hubble Job Quartz Scheduler"_Worker-5] INFO  h.b.p.c.f.TaskRunnerExecutionFactory - Ejecucion de sitescope. Resultado: SUCCESS 
28/08/2018 16:10:00.622 ["Hubble Job Quartz Scheduler"_Worker-5] INFO  h.b.p.c.f.TaskRunnerExecutionFactory - Ejecucion de sitescope. Resultado: SUCCESS 
28/08/2018 16:15:00.365 ["Hubble Job Quartz Scheduler"_Worker-1] INFO  h.b.p.c.f.TaskRunnerExecutionFactory - Ejecucion de sitescope. Resultado: SUCCESS 
28/08/2018 16:15:00.366 ["Hubble Job Quartz Scheduler"_Worker-1] INFO  h.b.p.c.f.TaskRunnerExecutionFactory - Ejecucion de sitescope. Resultado: SUCCESS 
28/08/2018 16:15:00.368 ["Hubble Job Quartz Scheduler"_Worker-1] INFO  h.b.p.c.f.TaskRunnerExecutionFactory - Ejecucion de sitescope. Resultado: SUCCESS 
28/08/2018 16:20:00.361 ["Hubble Job Quartz Scheduler"_Worker-2] INFO  h.b.p.c.f.TaskRunnerExecutionFactory - Ejecucion de sitescope. Resultado: SUCCESS 
28/08/2018 16:20:00.362 ["Hubble Job Quartz Scheduler"_Worker-2] INFO  h.b.p.c.f.TaskRunnerExecutionFactory - Ejecucion de sitescope. Resultado: SUCCESS 
28/08/2018 16:20:00.363 ["Hubble Job Quartz Scheduler"_Worker-2] INFO  h.b.p.c.f.TaskRunnerExecutionFactory - Ejecucion de sitescope. Resultado: SUCCESS 
28/08/2018 16:25:00.342 ["Hubble Job Quartz Scheduler"_Worker-3] INFO  h.b.p.c.f.TaskRunnerExecutionFactory - Ejecucion de sitescope. Resultado: SUCCESS 
28/08/2018 16:25:00.344 ["Hubble Job Quartz Scheduler"_Worker-3] INFO  h.b.p.c.f.TaskRunnerExecutionFactory - Ejecucion de sitescope. Resultado: SUCCESS 
28/08/2018 16:25:00.346 ["Hubble Job Quartz Scheduler"_Worker-3] INFO  h.b.p.c.f.TaskRunnerExecutionFactory - Ejecucion de sitescope. Resultado: SUCCESS 
28/08/2018 16:30:01.197 ["Hubble Job Quartz Scheduler"_Worker-4] INFO  h.b.p.c.f.TaskRunnerExecutionFactory - Ejecucion de sitescope. Resultado: SUCCESS 
28/08/2018 16:30:01.199 ["Hubble Job Quartz Scheduler"_Worker-4] INFO  h.b.p.c.f.TaskRunnerExecutionFactory - Ejecucion de sitescope. Resultado: SUCCESS 
28/08/2018 16:30:01.200 ["Hubble Job Quartz Scheduler"_Worker-4] INFO  h.b.p.c.f.TaskRunnerExecutionFactory - Ejecucion de sitescope. Resultado: SUCCESS 
28/08/2018 16:35:01.236 ["Hubble Job Quartz Scheduler"_Worker-5] INFO  h.b.p.c.f.TaskRunnerExecutionFactory - Ejecucion de sitescope. Resultado: SUCCESS 
28/08/2018 16:35:01.239 ["Hubble Job Quartz Scheduler"_Worker-5] INFO  h.b.p.c.f.TaskRunnerExecutionFactory - Ejecucion de sitescope. Resultado: SUCCESS 
28/08/2018 16:35:01.241 ["Hubble Job Quartz Scheduler"_Worker-5] INFO  h.b.p.c.f.TaskRunnerExecutionFactory - Ejecucion de sitescope. Resultado: SUCCESS 
28/08/2018 16:40:01.403 ["Hubble Job Quartz Scheduler"_Worker-1] INFO  h.b.p.c.f.TaskRunnerExecutionFactory - Ejecucion de sitescope. Resultado: SUCCESS 
28/08/2018 16:40:01.407 ["Hubble Job Quartz Scheduler"_Worker-1] INFO  h.b.p.c.f.TaskRunnerExecutionFactory - Ejecucion de sitescope. Resultado: SUCCESS 
28/08/2018 16:40:01.408 ["Hubble Job Quartz Scheduler"_Worker-1] INFO  h.b.p.c.f.TaskRunnerExecutionFactory - Ejecucion de sitescope. Resultado: SUCCESS 
28/08/2018 16:45:03.353 ["Hubble Job Quartz Scheduler"_Worker-2] INFO  h.b.p.c.f.TaskRunnerExecutionFactory - Ejecucion de sitescope. Resultado: SUCCESS 
28/08/2018 16:45:03.355 ["Hubble Job Quartz Scheduler"_Worker-2] INFO  h.b.p.c.f.TaskRunnerExecutionFactory - Ejecucion de sitescope. Resultado: SUCCESS 
28/08/2018 16:45:03.356 ["Hubble Job Quartz Scheduler"_Worker-2] INFO  h.b.p.c.f.TaskRunnerExecutionFactory - Ejecucion de sitescope. Resultado: SUCCESS 
28/08/2018 16:50:00.305 ["Hubble Job Quartz Scheduler"_Worker-3] INFO  h.b.p.c.f.TaskRunnerExecutionFactory - Ejecucion de sitescope. Resultado: SUCCESS 
28/08/2018 16:50:00.306 ["Hubble Job Quartz Scheduler"_Worker-3] INFO  h.b.p.c.f.TaskRunnerExecutionFactory - Ejecucion de sitescope. Resultado: SUCCESS 
28/08/2018 16:50:00.309 ["Hubble Job Quartz Scheduler"_Worker-3] INFO  h.b.p.c.f.TaskRunnerExecutionFactory - Ejecucion de sitescope. Resultado: SUCCESS 
28/08/2018 16:55:01.529 ["Hubble Job Quartz Scheduler"_Worker-4] INFO  h.b.p.c.f.TaskRunnerExecutionFactory - Ejecucion de sitescope. Resultado: SUCCESS 
28/08/2018 16:55:01.536 ["Hubble Job Quartz Scheduler"_Worker-4] INFO  h.b.p.c.f.TaskRunnerExecutionFactory - Ejecucion de sitescope. Resultado: SUCCESS 
28/08/2018 16:55:01.539 ["Hubble Job Quartz Scheduler"_Worker-4] INFO  h.b.p.c.f.TaskRunnerExecutionFactory - Ejecucion de sitescope. Resultado: SUCCESS 
28/08/2018 17:00:07.146 ["Hubble Job Quartz Scheduler"_Worker-5] INFO  h.b.p.c.f.TaskRunnerExecutionFactory - Ejecucion de bsm. Resultado: FAILURE 
28/08/2018 17:00:07.148 ["Hubble Job Quartz Scheduler"_Worker-5] INFO  h.b.p.c.f.TaskRunnerExecutionFactory - Ejecucion de bsm. Resultado: FAILURE 
28/08/2018 17:00:07.149 ["Hubble Job Quartz Scheduler"_Worker-5] INFO  h.b.p.c.f.TaskRunnerExecutionFactory - Ejecucion de bsm. Resultado: FAILURE 
28/08/2018 17:00:09.144 ["Hubble Job Quartz Scheduler"_Worker-1] INFO  h.b.p.c.f.TaskRunnerExecutionFactory - Ejecucion de sitescope. Resultado: SUCCESS 
28/08/2018 17:00:09.146 ["Hubble Job Quartz Scheduler"_Worker-1] INFO  h.b.p.c.f.TaskRunnerExecutionFactory - Ejecucion de sitescope. Resultado: SUCCESS 
28/08/2018 17:00:09.149 ["Hubble Job Quartz Scheduler"_Worker-1] INFO  h.b.p.c.f.TaskRunnerExecutionFactory - Ejecucion de sitescope. Resultado: SUCCESS 
28/08/2018 17:05:01.587 ["Hubble Job Quartz Scheduler"_Worker-2] INFO  h.b.p.c.f.TaskRunnerExecutionFactory - Ejecucion de sitescope. Resultado: SUCCESS 
28/08/2018 17:05:01.589 ["Hubble Job Quartz Scheduler"_Worker-2] INFO  h.b.p.c.f.TaskRunnerExecutionFactory - Ejecucion de sitescope. Resultado: SUCCESS 
28/08/2018 17:05:01.590 ["Hubble Job Quartz Scheduler"_Worker-2] INFO  h.b.p.c.f.TaskRunnerExecutionFactory - Ejecucion de sitescope. Resultado: SUCCESS 
28/08/2018 17:10:01.020 ["Hubble Job Quartz Scheduler"_Worker-3] INFO  h.b.p.c.f.TaskRunnerExecutionFactory - Ejecucion de sitescope. Resultado: SUCCESS 
28/08/2018 17:10:01.022 ["Hubble Job Quartz Scheduler"_Worker-3] INFO  h.b.p.c.f.TaskRunnerExecutionFactory - Ejecucion de sitescope. Resultado: SUCCESS 
28/08/2018 17:10:01.024 ["Hubble Job Quartz Scheduler"_Worker-3] INFO  h.b.p.c.f.TaskRunnerExecutionFactory - Ejecucion de sitescope. Resultado: SUCCESS 
28/08/2018 17:15:01.258 ["Hubble Job Quartz Scheduler"_Worker-4] INFO  h.b.p.c.f.TaskRunnerExecutionFactory - Ejecucion de sitescope. Resultado: SUCCESS 
28/08/2018 17:15:01.261 ["Hubble Job Quartz Scheduler"_Worker-4] INFO  h.b.p.c.f.TaskRunnerExecutionFactory - Ejecucion de sitescope. Resultado: SUCCESS 
28/08/2018 17:15:01.262 ["Hubble Job Quartz Scheduler"_Worker-4] INFO  h.b.p.c.f.TaskRunnerExecutionFactory - Ejecucion de sitescope. Resultado: SUCCESS 
28/08/2018 17:20:00.389 ["Hubble Job Quartz Scheduler"_Worker-5] INFO  h.b.p.c.f.TaskRunnerExecutionFactory - Ejecucion de sitescope. Resultado: SUCCESS 
28/08/2018 17:20:00.391 ["Hubble Job Quartz Scheduler"_Worker-5] INFO  h.b.p.c.f.TaskRunnerExecutionFactory - Ejecucion de sitescope. Resultado: SUCCESS 
28/08/2018 17:20:00.393 ["Hubble Job Quartz Scheduler"_Worker-5] INFO  h.b.p.c.f.TaskRunnerExecutionFactory - Ejecucion de sitescope. Resultado: SUCCESS 
28/08/2018 17:33:13.203 ["Hubble Job Quartz Scheduler"_Worker-1] INFO  h.b.p.c.f.TaskRunnerExecutionFactory - Ejecucion de sitescope. Resultado: SUCCESS 
28/08/2018 17:33:13.204 ["Hubble Job Quartz Scheduler"_Worker-1] INFO  h.b.p.c.f.TaskRunnerExecutionFactory - Ejecucion de sitescope. Resultado: SUCCESS 
28/08/2018 17:33:13.205 ["Hubble Job Quartz Scheduler"_Worker-1] INFO  h.b.p.c.f.TaskRunnerExecutionFactory - Ejecucion de sitescope. Resultado: SUCCESS 
28/08/2018 17:35:00.434 ["Hubble Job Quartz Scheduler"_Worker-2] INFO  h.b.p.c.f.TaskRunnerExecutionFactory - Ejecucion de sitescope. Resultado: SUCCESS 
28/08/2018 17:35:00.435 ["Hubble Job Quartz Scheduler"_Worker-2] INFO  h.b.p.c.f.TaskRunnerExecutionFactory - Ejecucion de sitescope. Resultado: SUCCESS 
28/08/2018 17:35:00.438 ["Hubble Job Quartz Scheduler"_Worker-2] INFO  h.b.p.c.f.TaskRunnerExecutionFactory - Ejecucion de sitescope. Resultado: SUCCESS 
28/08/2018 17:40:00.242 ["Hubble Job Quartz Scheduler"_Worker-3] INFO  h.b.p.c.f.TaskRunnerExecutionFactory - Ejecucion de sitescope. Resultado: SUCCESS 
28/08/2018 17:40:00.244 ["Hubble Job Quartz Scheduler"_Worker-3] INFO  h.b.p.c.f.TaskRunnerExecutionFactory - Ejecucion de sitescope. Resultado: SUCCESS 
28/08/2018 17:40:00.246 ["Hubble Job Quartz Scheduler"_Worker-3] INFO  h.b.p.c.f.TaskRunnerExecutionFactory - Ejecucion de sitescope. Resultado: SUCCESS 
28/08/2018 17:45:00.210 ["Hubble Job Quartz Scheduler"_Worker-4] INFO  h.b.p.c.f.TaskRunnerExecutionFactory - Ejecucion de sitescope. Resultado: SUCCESS 
28/08/2018 17:45:00.212 ["Hubble Job Quartz Scheduler"_Worker-4] INFO  h.b.p.c.f.TaskRunnerExecutionFactory - Ejecucion de sitescope. Resultado: SUCCESS 
28/08/2018 17:45:00.215 ["Hubble Job Quartz Scheduler"_Worker-4] INFO  h.b.p.c.f.TaskRunnerExecutionFactory - Ejecucion de sitescope. Resultado: SUCCESS 
28/08/2018 17:50:00.261 ["Hubble Job Quartz Scheduler"_Worker-5] INFO  h.b.p.c.f.TaskRunnerExecutionFactory - Ejecucion de sitescope. Resultado: SUCCESS 
28/08/2018 17:50:00.263 ["Hubble Job Quartz Scheduler"_Worker-5] INFO  h.b.p.c.f.TaskRunnerExecutionFactory - Ejecucion de sitescope. Resultado: SUCCESS 
28/08/2018 17:50:00.265 ["Hubble Job Quartz Scheduler"_Worker-5] INFO  h.b.p.c.f.TaskRunnerExecutionFactory - Ejecucion de sitescope. Resultado: SUCCESS 
28/08/2018 17:55:00.278 ["Hubble Job Quartz Scheduler"_Worker-1] INFO  h.b.p.c.f.TaskRunnerExecutionFactory - Ejecucion de sitescope. Resultado: SUCCESS 
28/08/2018 17:55:00.280 ["Hubble Job Quartz Scheduler"_Worker-1] INFO  h.b.p.c.f.TaskRunnerExecutionFactory - Ejecucion de sitescope. Resultado: SUCCESS 
28/08/2018 17:55:00.282 ["Hubble Job Quartz Scheduler"_Worker-1] INFO  h.b.p.c.f.TaskRunnerExecutionFactory - Ejecucion de sitescope. Resultado: SUCCESS 
28/08/2018 18:00:00.308 ["Hubble Job Quartz Scheduler"_Worker-3] INFO  h.b.p.c.f.TaskRunnerExecutionFactory - Ejecucion de sitescope. Resultado: SUCCESS 
28/08/2018 18:00:00.310 ["Hubble Job Quartz Scheduler"_Worker-3] INFO  h.b.p.c.f.TaskRunnerExecutionFactory - Ejecucion de sitescope. Resultado: SUCCESS 
28/08/2018 18:00:00.311 ["Hubble Job Quartz Scheduler"_Worker-3] INFO  h.b.p.c.f.TaskRunnerExecutionFactory - Ejecucion de sitescope. Resultado: SUCCESS 
28/08/2018 18:00:01.517 ["Hubble Job Quartz Scheduler"_Worker-2] INFO  h.b.p.c.f.TaskRunnerExecutionFactory - Ejecucion de bsm. Resultado: FAILURE 
28/08/2018 18:00:01.518 ["Hubble Job Quartz Scheduler"_Worker-2] INFO  h.b.p.c.f.TaskRunnerExecutionFactory - Ejecucion de bsm. Resultado: FAILURE 
28/08/2018 18:00:01.520 ["Hubble Job Quartz Scheduler"_Worker-2] INFO  h.b.p.c.f.TaskRunnerExecutionFactory - Ejecucion de bsm. Resultado: FAILURE 
28/08/2018 18:05:00.259 ["Hubble Job Quartz Scheduler"_Worker-4] INFO  h.b.p.c.f.TaskRunnerExecutionFactory - Ejecucion de sitescope. Resultado: SUCCESS 
28/08/2018 18:05:00.261 ["Hubble Job Quartz Scheduler"_Worker-4] INFO  h.b.p.c.f.TaskRunnerExecutionFactory - Ejecucion de sitescope. Resultado: SUCCESS 
28/08/2018 18:05:00.262 ["Hubble Job Quartz Scheduler"_Worker-4] INFO  h.b.p.c.f.TaskRunnerExecutionFactory - Ejecucion de sitescope. Resultado: SUCCESS 
28/08/2018 18:10:00.246 ["Hubble Job Quartz Scheduler"_Worker-5] INFO  h.b.p.c.f.TaskRunnerExecutionFactory - Ejecucion de sitescope. Resultado: SUCCESS 
28/08/2018 18:10:00.248 ["Hubble Job Quartz Scheduler"_Worker-5] INFO  h.b.p.c.f.TaskRunnerExecutionFactory - Ejecucion de sitescope. Resultado: SUCCESS 
28/08/2018 18:10:00.252 ["Hubble Job Quartz Scheduler"_Worker-5] INFO  h.b.p.c.f.TaskRunnerExecutionFactory - Ejecucion de sitescope. Resultado: SUCCESS 
28/08/2018 18:15:00.213 ["Hubble Job Quartz Scheduler"_Worker-1] INFO  h.b.p.c.f.TaskRunnerExecutionFactory - Ejecucion de sitescope. Resultado: SUCCESS 
28/08/2018 18:15:00.215 ["Hubble Job Quartz Scheduler"_Worker-1] INFO  h.b.p.c.f.TaskRunnerExecutionFactory - Ejecucion de sitescope. Resultado: SUCCESS 
28/08/2018 18:15:00.216 ["Hubble Job Quartz Scheduler"_Worker-1] INFO  h.b.p.c.f.TaskRunnerExecutionFactory - Ejecucion de sitescope. Resultado: SUCCESS 
28/08/2018 18:20:00.225 ["Hubble Job Quartz Scheduler"_Worker-3] INFO  h.b.p.c.f.TaskRunnerExecutionFactory - Ejecucion de sitescope. Resultado: SUCCESS 
28/08/2018 18:20:00.227 ["Hubble Job Quartz Scheduler"_Worker-3] INFO  h.b.p.c.f.TaskRunnerExecutionFactory - Ejecucion de sitescope. Resultado: SUCCESS 
28/08/2018 18:20:00.229 ["Hubble Job Quartz Scheduler"_Worker-3] INFO  h.b.p.c.f.TaskRunnerExecutionFactory - Ejecucion de sitescope. Resultado: SUCCESS 
28/08/2018 18:25:00.242 ["Hubble Job Quartz Scheduler"_Worker-2] INFO  h.b.p.c.f.TaskRunnerExecutionFactory - Ejecucion de sitescope. Resultado: SUCCESS 
28/08/2018 18:25:00.244 ["Hubble Job Quartz Scheduler"_Worker-2] INFO  h.b.p.c.f.TaskRunnerExecutionFactory - Ejecucion de sitescope. Resultado: SUCCESS 
28/08/2018 18:25:00.245 ["Hubble Job Quartz Scheduler"_Worker-2] INFO  h.b.p.c.f.TaskRunnerExecutionFactory - Ejecucion de sitescope. Resultado: SUCCESS 
